Log file open, 04/11/18 11:24:04
LogWindows: Failed to load 'aqProf.dll' (GetLastError=126)
LogWindows: File 'aqProf.dll' does not exist
LogWindows: Failed to load 'VtuneApi.dll' (GetLastError=126)
LogWindows: File 'VtuneApi.dll' does not exist
LogWindows: Failed to load 'VtuneApi32e.dll' (GetLastError=126)
LogWindows: File 'VtuneApi32e.dll' does not exist
LogInit: Display: Running engine for game: PGVR_02
LogPlatformFile: Not using cached read wrapper
LogInit: Display: RandInit(1987640237) SRandInit(1987640238).
LogInit: Read version file with build ID '3709383'
LogInit: Overriding engine version to CL 3832480, compatible CL 3709383
LogInit: Registered custom module enumerator with build ID '3709383'
LogTaskGraph: Started task graph with 5 named threads and 14 total threads with 3 sets of task threads.
LogStats: Stats thread started at 0.189903
LogD3D11RHI: Aftermath initialized
LogModuleManager: Display: Found up-to-date module file ../../../Engine/Plugins/2D/Paper2D/Binaries/Win64/UE4Editor-Paper2D.dll (API version 3709383).
LogModuleManager: Display: Found up-to-date module file ../../../Engine/Plugins/2D/Paper2D/Binaries/Win64/UE4Editor-Paper2DEditor.dll (API version 3709383).
LogModuleManager: Display: Found up-to-date module file ../../../Engine/Plugins/2D/Paper2D/Binaries/Win64/UE4Editor-PaperSpriteSheetImporter.dll (API version 3709383).
LogModuleManager: Display: Found up-to-date module file ../../../Engine/Plugins/2D/Paper2D/Binaries/Win64/UE4Editor-PaperTiledImporter.dll (API version 3709383).
LogModuleManager: Display: Found up-to-date module file ../../../Engine/Plugins/2D/Paper2D/Binaries/Win64/UE4Editor-SmartSnapping.dll (API version 3709383).
LogModuleManager: Display: Found up-to-date module file ../../../Engine/Plugins/Blendables/LightPropagationVolume/Binaries/Win64/UE4Editor-LightPropagationVolumeRuntime.dll (API version 3709383).
LogModuleManager: Display: Found up-to-date module file ../../../Engine/Plugins/Blendables/LightPropagationVolume/Binaries/Win64/UE4Editor-LightPropagationVolumeEditor.dll (API version 3709383).
LogModuleManager: Display: Found up-to-date module file ../../../Engine/Plugins/Developer/GitSourceControl/Binaries/Win64/UE4Editor-GitSourceControl.dll (API version 3709383).
LogModuleManager: Display: Found up-to-date module file ../../../Engine/Plugins/Developer/PerforceSourceControl/Binaries/Win64/UE4Editor-PerforceSourceControl.dll (API version 3709383).
LogModuleManager: Display: Found up-to-date module file ../../../Engine/Plugins/Developer/SubversionSourceControl/Binaries/Win64/UE4Editor-SubversionSourceControl.dll (API version 3709383).
LogModuleManager: Display: Found up-to-date module file ../../../Engine/Plugins/Developer/UObjectPlugin/Binaries/Win64/UE4Editor-UObjectPlugin.dll (API version 3709383).
LogModuleManager: Display: Found up-to-date module file ../../../Engine/Plugins/Developer/VisualStudioCodeSourceCodeAccess/Binaries/Win64/UE4Editor-VisualStudioCodeSourceCodeAccess.dll (API version 3709383).
LogModuleManager: Display: Found up-to-date module file ../../../Engine/Plugins/Developer/VisualStudioSourceCodeAccess/Binaries/Win64/UE4Editor-VisualStudioSourceCodeAccess.dll (API version 3709383).
LogModuleManager: Display: Found up-to-date module file ../../../Engine/Plugins/Editor/AssetManagerEditor/Binaries/Win64/UE4Editor-AssetManagerEditor.dll (API version 3709383).
LogModuleManager: Display: Found up-to-date module file ../../../Engine/Plugins/Editor/AudioCapture/Binaries/Win64/UE4Editor-AudioCapture.dll (API version 3709383).
LogModuleManager: Display: Found up-to-date module file ../../../Engine/Plugins/Editor/FacialAnimation/Binaries/Win64/UE4Editor-FacialAnimation.dll (API version 3709383).
LogModuleManager: Display: Found up-to-date module file ../../../Engine/Plugins/Editor/FacialAnimation/Binaries/Win64/UE4Editor-FacialAnimationEditor.dll (API version 3709383).
LogModuleManager: Display: Found up-to-date module file ../../../Engine/Plugins/Editor/GameplayTagsEditor/Binaries/Win64/UE4Editor-GameplayTagsEditor.dll (API version 3709383).
LogModuleManager: Display: Found up-to-date module file ../../../Engine/Plugins/Editor/MobileLauncherProfileWizard/Binaries/Win64/UE4Editor-MobileLauncherProfileWizard.dll (API version 3709383).
LogModuleManager: Display: Found up-to-date module file ../../../Engine/Plugins/Editor/PluginBrowser/Binaries/Win64/UE4Editor-PluginBrowser.dll (API version 3709383).
LogModuleManager: Display: Found up-to-date module file ../../../Engine/Plugins/Editor/SpeedTreeImporter/Binaries/Win64/UE4Editor-SpeedTreeImporter.dll (API version 3709383).
LogModuleManager: Display: Found up-to-date module file ../../../Engine/Plugins/Experimental/AlembicImporter/Binaries/Win64/UE4Editor-AlembicImporter.dll (API version 3709383).
LogModuleManager: Display: Found up-to-date module file ../../../Engine/Plugins/Experimental/AlembicImporter/Binaries/Win64/UE4Editor-AlembicLibrary.dll (API version 3709383).
LogModuleManager: Display: Found up-to-date module file ../../../Engine/Plugins/Experimental/CharacterAI/Binaries/Win64/UE4Editor-CharacterAI.dll (API version 3709383).
LogModuleManager: Display: Found up-to-date module file ../../../Engine/Plugins/Experimental/HTML5Networking/Binaries/Win64/UE4Editor-HTML5Networking.dll (API version 3709383).
LogModuleManager: Display: Found up-to-date module file ../../../Engine/Plugins/FMODStudio/Binaries/Win64/UE4Editor-FMODStudio.dll (API version 3709383).
LogModuleManager: Display: Found up-to-date module file ../../../Engine/Plugins/FMODStudio/Binaries/Win64/UE4Editor-FMODStudioEditor.dll (API version 3709383).
LogModuleManager: Display: Found up-to-date module file ../../../Engine/Plugins/Media/AndroidMedia/Binaries/Win64/UE4Editor-AndroidMediaEditor.dll (API version 3709383).
LogModuleManager: Display: Found up-to-date module file ../../../Engine/Plugins/Media/AndroidMedia/Binaries/Win64/UE4Editor-AndroidMediaFactory.dll (API version 3709383).
LogModuleManager: Display: Found up-to-date module file ../../../Engine/Plugins/Media/AvfMedia/Binaries/Win64/UE4Editor-AvfMediaEditor.dll (API version 3709383).
LogModuleManager: Display: Found up-to-date module file ../../../Engine/Plugins/Media/AvfMedia/Binaries/Win64/UE4Editor-AvfMediaFactory.dll (API version 3709383).
LogModuleManager: Display: Found up-to-date module file ../../../Engine/Plugins/Media/AvfMedia/Binaries/Win64/UE4Editor-AvfMediaFactory.dll (API version 3709383).
LogModuleManager: Display: Found up-to-date module file ../../../Engine/Plugins/Media/ImgMedia/Binaries/Win64/UE4Editor-ImgMedia.dll (API version 3709383).
LogModuleManager: Display: Found up-to-date module file ../../../Engine/Plugins/Media/ImgMedia/Binaries/Win64/UE4Editor-ImgMediaEditor.dll (API version 3709383).
LogModuleManager: Display: Found up-to-date module file ../../../Engine/Plugins/Media/ImgMedia/Binaries/Win64/UE4Editor-ImgMediaFactory.dll (API version 3709383).
LogModuleManager: Display: Found up-to-date module file ../../../Engine/Plugins/Media/ImgMedia/Binaries/Win64/UE4Editor-ImgMediaFactory.dll (API version 3709383).
LogModuleManager: Display: Found up-to-date module file ../../../Engine/Plugins/Media/ImgMedia/Binaries/Win64/UE4Editor-OpenExrWrapper.dll (API version 3709383).
LogModuleManager: Display: Found up-to-date module file ../../../Engine/Plugins/Media/MediaCompositing/Binaries/Win64/UE4Editor-MediaCompositing.dll (API version 3709383).
LogModuleManager: Display: Found up-to-date module file ../../../Engine/Plugins/Media/MediaCompositing/Binaries/Win64/UE4Editor-MediaCompositingEditor.dll (API version 3709383).
LogModuleManager: Display: Found up-to-date module file ../../../Engine/Plugins/Media/MediaPlayerEditor/Binaries/Win64/UE4Editor-MediaPlayerEditor.dll (API version 3709383).
LogModuleManager: Display: Found up-to-date module file ../../../Engine/Plugins/Media/WmfMedia/Binaries/Win64/UE4Editor-WmfMedia.dll (API version 3709383).
LogModuleManager: Display: Found up-to-date module file ../../../Engine/Plugins/Media/WmfMedia/Binaries/Win64/UE4Editor-WmfMediaEditor.dll (API version 3709383).
LogModuleManager: Display: Found up-to-date module file ../../../Engine/Plugins/Media/WmfMedia/Binaries/Win64/UE4Editor-WmfMediaFactory.dll (API version 3709383).
LogModuleManager: Display: Found up-to-date module file ../../../Engine/Plugins/Media/WmfMedia/Binaries/Win64/UE4Editor-WmfMediaFactory.dll (API version 3709383).
LogModuleManager: Display: Found up-to-date module file ../../../Engine/Plugins/Messaging/TcpMessaging/Binaries/Win64/UE4Editor-TcpMessaging.dll (API version 3709383).
LogModuleManager: Display: Found up-to-date module file ../../../Engine/Plugins/Messaging/UdpMessaging/Binaries/Win64/UE4Editor-UdpMessaging.dll (API version 3709383).
LogModuleManager: Display: Found up-to-date module file ../../../Engine/Plugins/MovieScene/ActorSequence/Binaries/Win64/UE4Editor-ActorSequence.dll (API version 3709383).
LogModuleManager: Display: Found up-to-date module file ../../../Engine/Plugins/MovieScene/LevelSequenceEditor/Binaries/Win64/UE4Editor-LevelSequenceEditor.dll (API version 3709383).
LogModuleManager: Display: Found up-to-date module file ../../../Engine/Plugins/MovieScene/MatineeToLevelSequence/Binaries/Win64/UE4Editor-MatineeToLevelSequence.dll (API version 3709383).
LogModuleManager: Display: Found up-to-date module file ../../../Engine/Plugins/Online/OnlineSubsystem/Binaries/Win64/UE4Editor-OnlineSubsystem.dll (API version 3709383).
LogModuleManager: Display: Found up-to-date module file ../../../Engine/Plugins/Runtime/AndroidPermission/Binaries/Win64/UE4Editor-AndroidPermission.dll (API version 3709383).
LogModuleManager: Display: Found up-to-date module file ../../../Engine/Plugins/Online/OnlineSubsystemNull/Binaries/Win64/UE4Editor-OnlineSubsystemNull.dll (API version 3709383).
LogModuleManager: Display: Found up-to-date module file ../../../Engine/Plugins/Online/OnlineSubsystemUtils/Binaries/Win64/UE4Editor-OnlineSubsystemUtils.dll (API version 3709383).
LogModuleManager: Display: Found up-to-date module file ../../../Engine/Plugins/Online/OnlineSubsystemUtils/Binaries/Win64/UE4Editor-OnlineBlueprintSupport.dll (API version 3709383).
LogModuleManager: Display: Found up-to-date module file ../../../Engine/Plugins/Runtime/AndroidDeviceProfileSelector/Binaries/Win64/UE4Editor-AndroidDeviceProfileSelector.dll (API version 3709383).
LogModuleManager: Display: Found up-to-date module file ../../../Engine/Plugins/Runtime/AppleARKit/Binaries/Win64/UE4Editor-AppleARKit.dll (API version 3709383).
LogModuleManager: Display: Found up-to-date module file ../../../Engine/Plugins/Runtime/ArchVisCharacter/Binaries/Win64/UE4Editor-ArchVisCharacter.dll (API version 3709383).
LogModuleManager: Display: Found up-to-date module file ../../../Engine/Plugins/Runtime/CableComponent/Binaries/Win64/UE4Editor-CableComponent.dll (API version 3709383).
LogModuleManager: Display: Found up-to-date module file ../../../Engine/Plugins/Runtime/CustomMeshComponent/Binaries/Win64/UE4Editor-CustomMeshComponent.dll (API version 3709383).
LogModuleManager: Display: Found up-to-date module file ../../../Engine/Plugins/Runtime/ExampleDeviceProfileSelector/Binaries/Win64/UE4Editor-ExampleDeviceProfileSelector.dll (API version 3709383).
LogModuleManager: Display: Found up-to-date module file ../../../Engine/Plugins/Runtime/ImmediatePhysics/Binaries/Win64/UE4Editor-ImmediatePhysics.dll (API version 3709383).
LogModuleManager: Display: Found up-to-date module file ../../../Engine/Plugins/Runtime/ImmediatePhysics/Binaries/Win64/UE4Editor-ImmediatePhysicsEditor.dll (API version 3709383).
LogModuleManager: Display: Found up-to-date module file ../../../Engine/Plugins/Runtime/LocationServicesBPLibrary/Binaries/Win64/UE4Editor-LocationServicesBPLibrary.dll (API version 3709383).
LogModuleManager: Display: Found up-to-date module file ../../../Engine/Plugins/Runtime/MobilePatchingUtils/Binaries/Win64/UE4Editor-MobilePatchingUtils.dll (API version 3709383).
LogModuleManager: Display: Found up-to-date module file ../../../Engine/Plugins/Runtime/Oculus/OculusVR/Binaries/Win64/UE4Editor-OculusHMD.dll (API version 3709383).
LogModuleManager: Display: Found up-to-date module file ../../../Engine/Plugins/Runtime/Oculus/OculusVR/Binaries/Win64/UE4Editor-OculusInput.dll (API version 3709383).
LogModuleManager: Display: Found up-to-date module file ../../../Engine/Plugins/Runtime/Oculus/OculusVR/Binaries/Win64/UE4Editor-OculusEditor.dll (API version 3709383).
LogModuleManager: Display: Found up-to-date module file ../../../Engine/Plugins/Runtime/PhysXVehicles/Binaries/Win64/UE4Editor-PhysXVehicles.dll (API version 3709383).
LogModuleManager: Display: Found up-to-date module file ../../../Engine/Plugins/Runtime/PhysXVehicles/Binaries/Win64/UE4Editor-PhysXVehiclesEditor.dll (API version 3709383).
LogModuleManager: Display: Found up-to-date module file ../../../Engine/Plugins/Runtime/ProceduralMeshComponent/Binaries/Win64/UE4Editor-ProceduralMeshComponent.dll (API version 3709383).
LogModuleManager: Display: Found up-to-date module file ../../../Engine/Plugins/Runtime/ProceduralMeshComponent/Binaries/Win64/UE4Editor-ProceduralMeshComponentEditor.dll (API version 3709383).
LogModuleManager: Display: Found up-to-date module file ../../../Engine/Plugins/Runtime/RuntimePhysXCooking/Binaries/Win64/UE4Editor-RuntimePhysXCooking.dll (API version 3709383).
LogModuleManager: Display: Found up-to-date module file ../../../Engine/Plugins/Runtime/Steam/SteamVR/Binaries/Win64/UE4Editor-SteamVR.dll (API version 3709383).
LogModuleManager: Display: Found up-to-date module file ../../../Engine/Plugins/Runtime/Steam/SteamVR/Binaries/Win64/UE4Editor-SteamVRController.dll (API version 3709383).
LogModuleManager: Display: Found up-to-date module file ../../../Engine/Plugins/Runtime/WindowsMoviePlayer/Binaries/Win64/UE4Editor-WindowsMoviePlayer.dll (API version 3709383).
LogPluginManager: Mounting plugin Paper2D
LogPluginManager: Mounting plugin LightPropagationVolume
LogPluginManager: Mounting plugin CodeLiteSourceCodeAccess
LogPluginManager: Mounting plugin GitSourceControl
LogPluginManager: Mounting plugin KDevelopSourceCodeAccess
LogPluginManager: Mounting plugin NullSourceCodeAccess
LogPluginManager: Mounting plugin PerforceSourceControl
LogPluginManager: Mounting plugin SubversionSourceControl
LogPluginManager: Mounting plugin UObjectPlugin
LogPluginManager: Mounting plugin VisualStudioCodeSourceCodeAccess
LogPluginManager: Mounting plugin VisualStudioSourceCodeAccess
LogPluginManager: Mounting plugin XCodeSourceCodeAccess
LogPluginManager: Mounting plugin AssetManagerEditor
LogPluginManager: Mounting plugin AudioCapture
LogPluginManager: Mounting plugin FacialAnimation
LogPluginManager: Mounting plugin GameplayTagsEditor
LogPluginManager: Mounting plugin MobileLauncherProfileWizard
LogPluginManager: Mounting plugin PluginBrowser
LogPluginManager: Mounting plugin SpeedTreeImporter
LogPluginManager: Mounting plugin AlembicImporter
LogPluginManager: Mounting plugin CharacterAI
LogPluginManager: Mounting plugin HTML5Networking
LogPluginManager: Mounting plugin FMODStudio
LogPluginManager: Mounting plugin AndroidMedia
LogPluginManager: Mounting plugin AvfMedia
LogPluginManager: Mounting plugin ImgMedia
LogPluginManager: Mounting plugin MediaCompositing
LogPluginManager: Mounting plugin MediaPlayerEditor
LogPluginManager: Mounting plugin WmfMedia
LogPluginManager: Mounting plugin TcpMessaging
LogPluginManager: Mounting plugin UdpMessaging
LogPluginManager: Mounting plugin ActorSequence
LogPluginManager: Mounting plugin LevelSequenceEditor
LogPluginManager: Mounting plugin MatineeToLevelSequence
LogPluginManager: Mounting plugin OnlineSubsystemGooglePlay
LogPluginManager: Mounting plugin OnlineSubsystemIOS
LogPluginManager: Mounting plugin OnlineSubsystem
LogPluginManager: Mounting plugin OnlineSubsystemNull
LogPluginManager: Mounting plugin OnlineSubsystemUtils
LogPluginManager: Mounting plugin AndroidDeviceProfileSelector
LogPluginManager: Mounting plugin AndroidMoviePlayer
LogPluginManager: Mounting plugin AndroidPermission
LogPluginManager: Mounting plugin AppleARKit
LogPluginManager: Mounting plugin AppleMoviePlayer
LogPluginManager: Mounting plugin ArchVisCharacter
LogPluginManager: Mounting plugin CableComponent
LogPluginManager: Mounting plugin CustomMeshComponent
LogPluginManager: Mounting plugin ExampleDeviceProfileSelector
LogPluginManager: Mounting plugin GoogleCloudMessaging
LogPluginManager: Mounting plugin ImmediatePhysics
LogPluginManager: Mounting plugin IOSDeviceProfileSelector
LogPluginManager: Mounting plugin LinuxDeviceProfileSelector
LogPluginManager: Mounting plugin LocationServicesBPLibrary
LogPluginManager: Mounting plugin MobilePatchingUtils
LogPluginManager: Mounting plugin OculusVR
LogPluginManager: Plugin shader directory ../../../Engine/Plugins/Runtime/Oculus/OculusVR/Shaders found
LogPluginManager: Mapping shader source directory ../../../Engine/Plugins/Runtime/Oculus/OculusVR/Shaders to virtual directory /Plugin/OculusVR
LogPluginManager: Mounting plugin PhysXVehicles
LogPluginManager: Mounting plugin ProceduralMeshComponent
LogPluginManager: Mounting plugin RuntimePhysXCooking
LogPluginManager: Mounting plugin SteamVR
LogPluginManager: Mounting plugin WindowsMoviePlayer
LogInit: Using libcurl 7.47.1
LogInit:  - built for x86_64-pc-win32
LogInit:  - supports SSL with OpenSSL/1.0.2g
LogInit:  - supports HTTP deflate (compression) using libz 1.2.8
LogInit:  - other features:
LogInit:      CURL_VERSION_SSL
LogInit:      CURL_VERSION_LIBZ
LogInit:      CURL_VERSION_IPV6
LogInit:      CURL_VERSION_ASYNCHDNS
LogInit:      CURL_VERSION_LARGEFILE
LogInit:      CURL_VERSION_IDN
LogInit:  CurlRequestOptions (configurable via config and command line):
LogInit:  - bVerifyPeer = false  - Libcurl will NOT verify peer certificate
LogInit:  - bUseHttpProxy = false  - Libcurl will NOT use HTTP proxy
LogInit:  - bDontReuseConnections = false  - Libcurl will reuse connections
LogInit:  - CertBundlePath = nullptr  - Libcurl will use whatever was configured at build time.
LogInit: Build: ++UE4+Release-4.18-CL-3832480
LogInit: Engine Version: 4.18.3-3832480+++UE4+Release-4.18
LogInit: Compatible Engine Version: 4.18.0-3709383+++UE4+Release-4.18
LogInit: Net CL: 3709383
LogDevObjectVersion: Number of dev versions registered: 16
LogDevObjectVersion:   Dev-Blueprints (B0D832E4-1F89-4F0D-ACCF-7EB736FD4AA2): 10
LogDevObjectVersion:   Dev-Build (E1C64328-A22C-4D53-A36C-8E866417BD8C): 0
LogDevObjectVersion:   Dev-Core (375EC13C-06E4-48FB-B500-84F0262A717E): 2
LogDevObjectVersion:   Dev-Editor (E4B068ED-F494-42E9-A231-DA0B2E46BB41): 20
LogDevObjectVersion:   Dev-Framework (CFFC743F-43B0-4480-9391-14DF171D2073): 30
LogDevObjectVersion:   Dev-Mobile (B02B49B5-BB20-44E9-A304-32B752E40360): 0
LogDevObjectVersion:   Dev-Networking (A4E4105C-59A1-49B5-A7C5-40C4547EDFEE): 0
LogDevObjectVersion:   Dev-Online (39C831C9-5AE6-47DC-9A44-9C173E1C8E7C): 0
LogDevObjectVersion:   Dev-Physics (78F01B33-EBEA-4F98-B9B4-84EACCB95AA2): 0
LogDevObjectVersion:   Dev-Platform (6631380F-2D4D-43E0-8009-CF276956A95A): 0
LogDevObjectVersion:   Dev-Rendering (12F88B9F-8875-4AFC-A67C-D90C383ABD29): 20
LogDevObjectVersion:   Dev-Sequencer (7B5AE74C-D270-4C10-A958-57980B212A5A): 4
LogDevObjectVersion:   Dev-VR (D7296918-1DD6-4BDD-9DE2-64A83CC13884): 0
LogDevObjectVersion:   Dev-LoadTimes (C2A15278-BFE7-4AFE-6C17-90FF531DF755): 1
LogDevObjectVersion:   Private-Geometry (6EACA3D4-40EC-4CC1-B786-8BED09428FC5): 1
LogDevObjectVersion:   Dev-AnimPhys (29E575DD-E0A3-4627-9D10-D276232CDCEA): 12
LogInit: Compiled (64-bit): Jan 12 2018 02:04:55
LogInit: Compiled with Visual C++: 19.00.24215.01
LogInit: Build Configuration: Development
LogInit: Branch Name: ++UE4+Release-4.18
LogInit: Command line: -EpicPortal 
LogInit: Base directory: C:/Program Files/Epic Games/UE_4.18/Engine/Binaries/Win64/
LogInit: Installed Engine Build: 1
LogInit: Presizing for max 8388607 objects, including 0 objects not considered by GC, pre-allocating 0 bytes for permanent pool.
LogInit: Object subsystem initialized
[2018.04.11-10.24.06:347][  0]LogInit: Selected Device Profile: [Windows]
[2018.04.11-10.24.06:347][  0]LogInit: Applying CVar settings loaded from the selected device profile: [Windows]
[2018.04.11-10.24.06:363][  0]LogInit: Computer: AMTX206-01
[2018.04.11-10.24.06:363][  0]LogInit: User: at9amt
[2018.04.11-10.24.06:363][  0]LogInit: CPU Page size=4096, Cores=4
[2018.04.11-10.24.06:363][  0]LogInit: High frequency timer resolution =3.328126 MHz
[2018.04.11-10.24.06:363][  0]LogMemory: Memory total: Physical=15.9GB (16GB approx)
[2018.04.11-10.24.06:363][  0]LogMemory: Platform Memory Stats for Windows
[2018.04.11-10.24.06:363][  0]LogMemory: Process Physical Memory: 272.55 MB used, 272.55 MB peak
[2018.04.11-10.24.06:363][  0]LogMemory: Process Virtual Memory: 269.80 MB used, 269.80 MB peak
[2018.04.11-10.24.06:363][  0]LogMemory: Physical Memory: 6890.70 MB used,  9370.44 MB free, 16261.14 MB total
[2018.04.11-10.24.06:363][  0]LogMemory: Virtual Memory: 644.31 MB used,  9370.44 MB free, 134217728.00 MB total
[2018.04.11-10.24.06:577][  0]LogInit: Using OS detected language (en-GB).
[2018.04.11-10.24.06:577][  0]LogInit: Using OS detected locale (en-GB).
[2018.04.11-10.24.06:580][  0]LogTextLocalizationManager: No specific localization for 'en-GB' exists, so the 'en' localization will be used.
[2018.04.11-10.24.07:069][  0]LogInit: Setting process to per monitor DPI aware
[2018.04.11-10.24.07:368][  0]LogD3D11RHI: D3D11 adapters:
[2018.04.11-10.24.07:418][  0]LogD3D11RHI:    0. 'NVIDIA GeForce GTX 1070' (Feature Level 11_0)
[2018.04.11-10.24.07:419][  0]LogD3D11RHI:       8086/0/8130 MB DedicatedVideo/DedicatedSystem/SharedSystem, Outputs:1, VendorId:0x10de
[2018.04.11-10.24.07:428][  0]LogD3D11RHI:    1. 'Intel(R) HD Graphics 530' (Feature Level 11_0)
[2018.04.11-10.24.07:428][  0]LogD3D11RHI:       128/0/8130 MB DedicatedVideo/DedicatedSystem/SharedSystem, Outputs:1, VendorId:0x8086
[2018.04.11-10.24.07:580][  0]LogD3D11RHI:    2. 'Microsoft Basic Render Driver' (Feature Level 11_0)
[2018.04.11-10.24.07:580][  0]LogD3D11RHI:       0/0/8130 MB DedicatedVideo/DedicatedSystem/SharedSystem, Outputs:0, VendorId:0x1414
[2018.04.11-10.24.07:580][  0]LogD3D11RHI: Chosen D3D11 Adapter: 0
[2018.04.11-10.24.07:587][  0]LogD3D11RHI: Creating new Direct3DDevice
[2018.04.11-10.24.07:587][  0]LogD3D11RHI:     GPU DeviceId: 0x1b81 (for the marketing name, search the web for "GPU Device Id")
[2018.04.11-10.24.07:587][  0]LogWindows: EnumDisplayDevices:
[2018.04.11-10.24.07:587][  0]LogWindows:    0. 'Intel(R) HD Graphics 530' (P:0 D:1)
[2018.04.11-10.24.07:587][  0]LogWindows:    1. 'Intel(R) HD Graphics 530' (P:0 D:0)
[2018.04.11-10.24.07:588][  0]LogWindows:    2. 'Intel(R) HD Graphics 530' (P:0 D:0)
[2018.04.11-10.24.07:588][  0]LogWindows:    3. 'NVIDIA GeForce GTX 1070' (P:1 D:1)
[2018.04.11-10.24.07:588][  0]LogWindows:    4. 'NVIDIA GeForce GTX 1070' (P:0 D:0)
[2018.04.11-10.24.07:588][  0]LogWindows:    5. 'NVIDIA GeForce GTX 1070' (P:0 D:0)
[2018.04.11-10.24.07:588][  0]LogWindows:    6. 'NVIDIA GeForce GTX 1070' (P:0 D:0)
[2018.04.11-10.24.07:588][  0]LogWindows: DebugString: PrimaryIsNotTheChoosenAdapter PrimaryIsNotTheChoosenAdapter PrimaryIsNotTheChoosenAdapter FoundDriverCount:4 
[2018.04.11-10.24.07:588][  0]LogD3D11RHI:     Adapter Name: NVIDIA GeForce GTX 1070
[2018.04.11-10.24.07:588][  0]LogD3D11RHI:   Driver Version: 384.94 (internal:22.21.13.8494, unified:384.94)
[2018.04.11-10.24.07:588][  0]LogD3D11RHI:      Driver Date: 7-18-2017
[2018.04.11-10.24.07:588][  0]LogRHI: Texture pool is 5660 MB (70% of 8086 MB)
[2018.04.11-10.24.07:622][  0]LogD3D11RHI: Async texture creation enabled
[2018.04.11-10.24.07:638][  0]LogD3D11RHI: GPU Timing Frequency: 1000.000000 (Debug: 2 2)
[2018.04.11-10.24.07:640][  0]LogShaderCompilers: Guid format shader working directory is -9 characters bigger than the processId version (../../../../../../Users/at9amt/Documents/PGVR_02/PGVR_02/Intermediate/Shaders/WorkingDirectory/1860/).
[2018.04.11-10.24.07:640][  0]LogShaderCompilers: Cleaned the shader compiler working directory 'C:/Users/at9amt/AppData/Local/Temp/UnrealShaderWorkingDir/58339FAD45EEAC544D3142A641A4CAFE/'.
[2018.04.11-10.24.07:640][  0]LogShaderCompilers: Display: Using Local Shader Compiler.
[2018.04.11-10.24.08:808][  0]LogTemp: Display: Loaded TP AllDesktopTargetPlatform
[2018.04.11-10.24.08:880][  0]LogTemp: Display: Loaded TP MacClientTargetPlatform
[2018.04.11-10.24.08:952][  0]LogTemp: Display: Loaded TP MacNoEditorTargetPlatform
[2018.04.11-10.24.09:024][  0]LogTemp: Display: Loaded TP MacServerTargetPlatform
[2018.04.11-10.24.09:096][  0]LogTemp: Display: Loaded TP MacTargetPlatform
[2018.04.11-10.24.09:176][  0]LogTemp: Display: Loaded TP WindowsClientTargetPlatform
[2018.04.11-10.24.09:247][  0]LogTemp: Display: Loaded TP WindowsNoEditorTargetPlatform
[2018.04.11-10.24.09:317][  0]LogTemp: Display: Loaded TP WindowsServerTargetPlatform
[2018.04.11-10.24.09:380][  0]LogTemp: Display: Loaded TP WindowsTargetPlatform
[2018.04.11-10.24.09:451][  0]LogTemp: Display: Loaded TP Android_ASTCTargetPlatform
[2018.04.11-10.24.09:520][  0]LogTemp: Display: Loaded TP Android_ATCTargetPlatform
[2018.04.11-10.24.09:591][  0]LogTemp: Display: Loaded TP Android_DXTTargetPlatform
[2018.04.11-10.24.09:663][  0]LogTemp: Display: Loaded TP Android_ETC1TargetPlatform
[2018.04.11-10.24.09:734][  0]LogTemp: Display: Loaded TP Android_ETC2TargetPlatform
[2018.04.11-10.24.09:878][  0]LogTemp: Display: Loaded TP Android_MultiTargetPlatform
[2018.04.11-10.24.09:878][  0]LogTemp: Display: Loaded TP Android_PVRTCTargetPlatform
[2018.04.11-10.24.09:950][  0]LogTemp: Display: Loaded TP AndroidTargetPlatform
[2018.04.11-10.24.10:007][  0]LogTemp: Display: Loaded TP HTML5TargetPlatform
[2018.04.11-10.24.10:126][  0]LogTemp: Display: Loaded TP IOSTargetPlatform
[2018.04.11-10.24.10:165][  0]LogTemp: Display: Loaded TP TVOSTargetPlatform
[2018.04.11-10.24.10:232][  0]LogTemp: Display: Loaded TP LinuxClientTargetPlatform
[2018.04.11-10.24.10:304][  0]LogTemp: Display: Loaded TP LinuxNoEditorTargetPlatform
[2018.04.11-10.24.10:374][  0]LogTemp: Display: Loaded TP LinuxServerTargetPlatform
[2018.04.11-10.24.10:445][  0]LogTemp: Display: Loaded TP LinuxTargetPlatform
[2018.04.11-10.24.10:445][  0]LogTargetPlatformManager: Display: Building Assets For Windows
[2018.04.11-10.24.11:107][  0]LogDerivedDataCache: Display: Max Cache Size: 512 MB
[2018.04.11-10.24.11:245][  0]LogDerivedDataCache: Loaded boot cache 0.14s 78MB C:/Users/at9amt/AppData/Local/UnrealEngine/4.18/DerivedDataCache/Boot.ddc.
[2018.04.11-10.24.11:245][  0]LogDerivedDataCache: Display: Loaded Boot cache: C:/Users/at9amt/AppData/Local/UnrealEngine/4.18/DerivedDataCache/Boot.ddc
[2018.04.11-10.24.11:245][  0]LogDerivedDataCache: FDerivedDataBackendGraph:  Pak pak cache file ../../../../../../Users/at9amt/Documents/PGVR_02/PGVR_02/DerivedDataCache/DDC.ddp not found, will not use a pak cache.
[2018.04.11-10.24.11:245][  0]LogDerivedDataCache: Unable to find inner node Pak for hierarchical cache Hierarchy.
[2018.04.11-10.24.11:245][  0]LogDerivedDataCache: FDerivedDataBackendGraph:  CompressedPak pak cache file ../../../../../../Users/at9amt/Documents/PGVR_02/PGVR_02/DerivedDataCache/Compressed.ddp not found, will not use a pak cache.
[2018.04.11-10.24.11:245][  0]LogDerivedDataCache: Unable to find inner node CompressedPak for hierarchical cache Hierarchy.
[2018.04.11-10.24.11:265][  0]LogDerivedDataCache: Display: Pak cache opened for reading ../../../Engine/DerivedDataCache/Compressed.ddp.
[2018.04.11-10.24.11:277][  0]LogDerivedDataCache: Using Local data cache path C:/Users/at9amt/AppData/Local/UnrealEngine/Common/DerivedDataCache: Writable
[2018.04.11-10.24.11:291][  0]LogMaterial: Verifying Global Shaders for PCD3D_SM5
[2018.04.11-10.24.11:292][  0]LogSlate: Using Freetype 2.6.0
[2018.04.11-10.24.11:292][  0]LogSlate: SlateFontCache - WITH_FREETYPE: 1, WITH_HARFBUZZ: 1
[2018.04.11-10.24.11:292][  0]LogSlate: SlateFontCache - WITH_FREETYPE: 1, WITH_HARFBUZZ: 1
[2018.04.11-10.24.11:791][  0]LogInit: Selected Device Profile: [Windows]
[2018.04.11-10.24.12:255][  0]LogSimplygon: Simplygon DLL not present - disabling.
[2018.04.11-10.24.12:314][  0]LogMeshReduction: Using SimplygonSwarm for distributed automatic mesh merging
[2018.04.11-10.24.12:314][  0]LogMeshReduction: Using QuadricMeshReduction for automatic static mesh reduction
[2018.04.11-10.24.12:314][  0]LogMeshReduction: No automatic skeletal mesh reduction module available
[2018.04.11-10.24.12:314][  0]LogMeshReduction: No automatic mesh merging module available
[2018.04.11-10.24.12:314][  0]LogMeshMerging: No automatic mesh merging module available
[2018.04.11-10.24.12:346][  0]LogNetVersion: PGVR_02 , NetCL: 3709383, EngineNetVer: 2, GameNetVer: 0 (Checksum: 2940225133)
[2018.04.11-10.24.12:603][  0]LogAssetRegistry: FAssetRegistry took 0.0281 seconds to start up
[2018.04.11-10.24.13:316][  0]LogPackageLocalizationCache: Processed 8 localized package path(s) for 2 prioritized culture(s) in 0.086237 seconds
[2018.04.11-10.24.13:324][  0]LogUObjectArray: 35872 objects as part of root set at end of initial load.
[2018.04.11-10.24.13:324][  0]LogUObjectAllocator: 7364120 out of 0 bytes used by permanent object pool.
[2018.04.11-10.24.13:324][  0]LogUObjectArray: CloseDisregardForGC: 0/0 objects in disregard for GC pool
[2018.04.11-10.24.13:400][  0]LogInit: WinSock: version 1.1 (2.2), MaxSocks=32767, MaxUdp=65467
[2018.04.11-10.24.16:987][  0]LogFMOD: FFMODStudioModule startup
[2018.04.11-10.24.16:987][  0]LogFMOD:  Lib path = '../../../Engine/Plugins/FMODStudio/Binaries'
[2018.04.11-10.24.16:987][  0]LogFMOD: FFMODStudioModule::LoadDll: Loading ../../../Engine/Plugins/FMODStudio/Binaries/Win64/fmodL64.dll
[2018.04.11-10.24.16:995][  0]LogFMOD: FFMODStudioModule::LoadDll: Loading ../../../Engine/Plugins/FMODStudio/Binaries/Win64/fmodstudioL64.dll
[2018.04.11-10.24.17:036][  0]LogFMOD: Loading strings bank: ../../../../../../Users/at9amt/Documents/PGVR_02/PGVR_02/Content/FMOD/Desktop/Master Bank.strings.bank
[2018.04.11-10.24.17:037][  0]LogFMOD: Error: f:\jk\workspace\1.10_UE4.18_Win64\studio_api\src\fmod_bankmodel.cpp(163) - Failed to open file '../../../../../../Users/at9amt/Documents/PGVR_02/PGVR_02/Content/FMOD/Desktop/Master Bank.strings.bank'

[2018.04.11-10.24.17:037][  0]LogFMOD: Warning: Failed to load strings bank: ../../../../../../Users/at9amt/Documents/PGVR_02/PGVR_02/Content/FMOD/Desktop/Master Bank.strings.bank
[2018.04.11-10.24.17:039][  0]LogFMOD: Default sample rate = 48000
[2018.04.11-10.24.17:040][  0]LogFMOD: System sample rate = 48000
[2018.04.11-10.24.17:040][  0]LogFMOD: Matching system sample rate 48000
[2018.04.11-10.24.17:069][  0]LogFMOD: Default sample rate = 48000
[2018.04.11-10.24.17:069][  0]LogFMOD: System sample rate = 48000
[2018.04.11-10.24.17:069][  0]LogFMOD: Matching system sample rate 48000
[2018.04.11-10.24.17:128][  0]LogTcpMessaging: Initializing TcpMessaging bridge
[2018.04.11-10.24.17:195][  0]LogUdpMessaging: Initializing bridge on interface 0.0.0.0:0 to multicast group 230.0.0.1:6666.
[2018.04.11-10.24.18:114][  0]LogMaterial: Uniform references updated for custom material expression Custom.
[2018.04.11-10.24.18:722][  0]SourceControl: Source control is disabled
[2018.04.11-10.24.18:722][  0]SourceControl: Source control is disabled
[2018.04.11-10.24.18:794][  0]SourceControl: Source control is disabled
[2018.04.11-10.24.18:866][  0]SourceControl: Source control is disabled
[2018.04.11-10.24.19:621][  0]LogFMOD: FFMODStudioEditorModule startup
[2018.04.11-10.24.20:101][  0]LogAndroidPermission: UAndroidPermissionCallbackProxy::GetInstance
[2018.04.11-10.24.20:474][  0]LogOcInput: OculusInput pre-init called
[2018.04.11-10.24.20:872][  0]LogEngine: Initializing Engine...
[2018.04.11-10.24.20:875][  0]LogHMD: Failed to initialize OpenVR with code 110
[2018.04.11-10.24.21:183][  0]LogStats: UGameplayTagsManager::ConstructGameplayTagTree: Construct from data asset -  0.000 s
[2018.04.11-10.24.21:183][  0]LogStats: UGameplayTagsManager::ConstructGameplayTagTree: GameplayTagTreeChangedEvent.Broadcast -  0.000 s
[2018.04.11-10.24.21:361][  0]LogAIModule: Creating AISystem for world Untitled
[2018.04.11-10.24.21:365][  0]LogInit: XAudio2 using 'Speakers (Realtek High Definition Audio)' : 2 channels at 48 kHz using 32 bits per sample (channel mask 0x3)
[2018.04.11-10.24.21:388][  0]LogInit: FAudioDevice initialized.
[2018.04.11-10.24.21:470][  0]LogDerivedDataCache: Saved boot cache 0.08s 78MB C:/Users/at9amt/AppData/Local/UnrealEngine/4.18/DerivedDataCache/Boot.ddc.
[2018.04.11-10.24.21:488][  0]LogInit: Texture streaming: Enabled
[2018.04.11-10.24.21:630][  0]LogEngineSessionManager: EngineSessionManager initialized
[2018.04.11-10.24.21:813][  0]LogInit: Transaction tracking system initialized
[2018.04.11-10.24.22:248][  0]BlueprintLog: New page: Editor Load
[2018.04.11-10.24.23:593][  0]LocalizationService: Localization service is disabled
[2018.04.11-10.24.24:636][  0]LogConsoleResponse: Display: 
[2018.04.11-10.24.24:889][  0]LogFileCache: Scanning file cache for directory 'C:/Users/at9amt/Documents/PGVR_02/PGVR_02/Content/' took 0.01s
[2018.04.11-10.24.24:889][  0]LogCook: Display: Max memory allowance for cook 16384mb min free memory 0mb
[2018.04.11-10.24.24:890][  0]LogCook: Display: Mobile HDR setting 1
[2018.04.11-10.24.24:890][  0]LogGameplayTags: Display: UGameplayTagsManager::DoneAddingNativeTags. DelegateIsBound: 0
[2018.04.11-10.24.26:619][  0]SourceControl: Source control is disabled
[2018.04.11-10.24.26:619][  0]Cmd: MAP LOAD FILE="../../../Engine/Content/Maps/Templates/Template_Default.umap" TEMPLATE=1 SHOWPROGRESS=1 FEATURELEVEL=3
[2018.04.11-10.24.26:619][  0]LightingResults: New page: Lighting Build
[2018.04.11-10.24.26:679][  0]MapCheck: New page: Map Check
[2018.04.11-10.24.26:679][  0]LightingResults: New page: Lighting Build
[2018.04.11-10.24.27:001][  0]LogAIModule: Creating AISystem for world Untitled_1
[2018.04.11-10.24.27:008][  0]LogEditorServer: Finished looking for orphan Actors (0.000 secs)
[2018.04.11-10.24.27:021][  0]Cmd: MAP CHECKDEP NOCLEARLOG
[2018.04.11-10.24.27:081][  0]MapCheck: Map check complete: 0 Error(s), 0 Warning(s), took 59.051ms to complete.
[2018.04.11-10.24.27:081][  0]LogFileHelpers: Loading map 'Template_Default' took 0.462
[2018.04.11-10.24.27:245][  0]LogCollectionManager: Loaded 0 collections in 0.001732 seconds
[2018.04.11-10.24.27:346][  0]LogFileCache: Scanning file cache for directory 'C:/Users/at9amt/Documents/PGVR_02/PGVR_02/Saved/Collections/' took 0.01s
[2018.04.11-10.24.27:346][  0]LogFileCache: Scanning file cache for directory 'C:/Users/at9amt/Documents/PGVR_02/PGVR_02/Content/Developers/at9amt/Collections/' took 0.01s
[2018.04.11-10.24.27:346][  0]LogFileCache: Scanning file cache for directory 'C:/Users/at9amt/Documents/PGVR_02/PGVR_02/Content/Collections/' took 0.01s
[2018.04.11-10.24.27:346][  0]LogCollectionManager: Rebuilt the GUID cache for 0 collections in 0.000001 seconds
[2018.04.11-10.24.27:358][  0]LogContentBrowser: Native class hierarchy populated in 0.0117 seconds. Added 2380 classes and 526 folders.
[2018.04.11-10.24.27:455][  0]LogContentBrowser: Native class hierarchy updated for 'WidgetCarousel' in 0.0003 seconds. Added 0 classes and 0 folders.
[2018.04.11-10.24.27:500][  0]LogContentBrowser: Native class hierarchy updated for 'AddContentDialog' in 0.0003 seconds. Added 0 classes and 0 folders.
[2018.04.11-10.24.27:564][  0]LogContentBrowser: Native class hierarchy updated for 'SceneOutliner' in 0.0003 seconds. Added 1 classes and 2 folders.
[2018.04.11-10.24.27:585][  0]LogSlate: Took 0.000198 seconds to synchronously load lazily loaded font '../../../Engine/Content/Slate/Fonts/Roboto-Regular.ttf' (155K)
[2018.04.11-10.24.27:589][  0]LogSlate: Took 0.000163 seconds to synchronously load lazily loaded font '../../../Engine/Content/Slate/Fonts/Roboto-Bold.ttf' (160K)
[2018.04.11-10.24.27:596][  0]LogSlate: Took 0.000175 seconds to synchronously load lazily loaded font '../../../Engine/Content/Editor/Slate/Fonts/FontAwesome.ttf' (139K)
[2018.04.11-10.24.27:737][  0]LogRenderer: Reallocating scene render targets to support 1208x576 Format 10 NumSamples 1 (Frame:1).
[2018.04.11-10.24.28:432][  0]LogContentBrowser: Native class hierarchy updated for 'HierarchicalLODOutliner' in 0.0003 seconds. Added 1 classes and 2 folders.
[2018.04.11-10.24.28:432][  0]LogLoad: (Engine Initialization) Total time: 24.92 seconds
[2018.04.11-10.24.28:433][  0]LogLoad: (Engine Initialization) Total Blueprint compile time: 0.00 seconds
[2018.04.11-10.24.28:433][  0]LogExternalProfiler: Found external profiler: VSPerf
[2018.04.11-10.24.28:433][  0]LogExternalProfiler: Using external profiler: VSPerf
[2018.04.11-10.24.28:791][  0]LogContentStreaming: Texture pool size now 1000 MB
[2018.04.11-10.24.29:113][  1]LogAssetRegistry: Asset discovery search completed in 16.5327 seconds
[2018.04.11-10.24.29:116][  1]LogCollectionManager: Rebuilt the object cache for 0 collections in 0.000000 seconds (found 0 objects)
[2018.04.11-10.24.29:116][  1]LogCollectionManager: Fixed up redirectors for 0 collections in 0.000084 seconds (updated 0 objects)
[2018.04.11-10.32.27:333][  2]LogSlate: Took 0.000233 seconds to synchronously load lazily loaded font '../../../Engine/Content/Slate/Fonts/Roboto-Light.ttf' (159K)
[2018.04.11-10.33.25:825][809]LogSlate: Took 0.000168 seconds to synchronously load lazily loaded font '../../../Engine/Content/Slate/Fonts/Roboto-Light.ttf' (159K)
[2018.04.11-10.33.26:043][809]LogBlueprint: Warning: [Compiler VR_Conroller] InputAction Event references unknown Action 'Rotate Left' for  InputAction Rotate Left
[2018.04.11-10.33.26:043][809]LogBlueprint: Warning: [Compiler VR_Conroller] InputAction Event references unknown Action 'Rotate Right' for  InputAction Rotate Right
[2018.04.11-10.33.26:044][809]LogBlueprint: Warning: [Compiler VR_Conroller] InputAction Event references unknown Action 'Scan Left' for  InputAction Scan Left
[2018.04.11-10.33.26:044][809]LogBlueprint: Warning: [Compiler VR_Conroller] InputAction Event references unknown Action 'Scan Right' for  InputAction Scan Right
[2018.04.11-10.33.26:044][809]LogBlueprint: Warning: [Compiler VR_Conroller] InputAction Event references unknown Action 'GrabRight' for  InputAction GrabRight
[2018.04.11-10.33.26:045][809]LogBlueprint: Warning: [Compiler VR_Conroller] InputAction Event references unknown Action 'TeleportLeft' for  InputAction TeleportLeft
[2018.04.11-10.33.26:045][809]LogBlueprint: Warning: [Compiler VR_Conroller] InputAction Event references unknown Action 'TeleportRight' for  InputAction TeleportRight
[2018.04.11-10.33.26:045][809]LogBlueprint: Warning: [Compiler VR_Conroller] InputAction Event references unknown Action 'GrabLeft' for  InputAction GrabLeft
[2018.04.11-10.33.26:045][809]LogBlueprint: Warning: [Compiler VR_Conroller] InputAction Event references unknown Action 'UVLight' for  InputAction UVLight
[2018.04.11-10.33.26:045][809]LogBlueprint: Warning: [Compiler VR_Conroller] InputAction Event references unknown Action 'FlashLight' for  InputAction FlashLight
[2018.04.11-10.33.26:068][809]LogBlueprint: Warning: [Compiler VR_Conroller] [0562.56] Compile of VR_Conroller successful, but with 10 Warning(s) [in 57 ms] (/Game/CrossScene/Blueprints/VR_Conroller.VR_Conroller)
[2018.04.11-10.33.26:160][809]LogLinker: Warning: Can't find file '/Game/Apartment/Geometry/Meshes/CubeMaterial'
[2018.04.11-10.33.26:160][809]LogLinker: Warning: Can't find file for asset '/Game/Apartment/Geometry/Meshes/CubeMaterial' while loading ../../../../../../Users/at9amt/Documents/PGVR_02/PGVR_02/Content/Apartment/Geometry/Meshes/1M_Cube.uasset.
[2018.04.11-10.33.26:161][809]LoadErrors: Error: /Game/Apartment/Geometry/Meshes/1M_Cube : Can't find file for asset. /Game/Apartment/Geometry/Meshes/CubeMaterial
[2018.04.11-10.33.26:161][809]LogLinker: Warning: Can't find file '/Game/Apartment/Geometry/Meshes/CubeMaterial'
[2018.04.11-10.33.26:161][809]LogLinker: Warning: Can't find file for asset '/Game/Apartment/Geometry/Meshes/CubeMaterial' while loading ../../../../../../Users/at9amt/Documents/PGVR_02/PGVR_02/Content/Apartment/Geometry/Meshes/1M_Cube.uasset.
[2018.04.11-10.33.26:669][809]LogSlate: Took 0.000098 seconds to synchronously load lazily loaded font '../../../Engine/Content/Slate/Fonts/Roboto-Regular.ttf' (155K)
[2018.04.11-10.33.26:970][809]LogLinker: Warning: Asset '../../../../../../Users/at9amt/Documents/PGVR_02/PGVR_02/Content/SuperGrid/StarterPack/Materials/Functions/Basic/BreakSet.uasset' has been saved with empty engine version. The asset will be loaded but may be incompatible.
[2018.04.11-10.33.26:971][809]LogLinker: Warning: Asset '../../../../../../Users/at9amt/Documents/PGVR_02/PGVR_02/Content/SuperGrid/StarterPack/Materials/Functions/Basic/MakeSet.uasset' has been saved with empty engine version. The asset will be loaded but may be incompatible.
[2018.04.11-10.33.26:974][809]LogLinker: Warning: Asset '../../../../../../Users/at9amt/Documents/PGVR_02/PGVR_02/Content/SuperGrid/StarterPack/Materials/Functions/Basic/Roughness.uasset' has been saved with empty engine version. The asset will be loaded but may be incompatible.
[2018.04.11-10.33.26:975][809]LogLinker: Warning: Asset '../../../../../../Users/at9amt/Documents/PGVR_02/PGVR_02/Content/SuperGrid/StarterPack/Materials/Functions/Texture/Dye_SingleColor.uasset' has been saved with empty engine version. The asset will be loaded but may be incompatible.
[2018.04.11-10.33.26:977][809]LogLinker: Warning: Asset '../../../../../../Users/at9amt/Documents/PGVR_02/PGVR_02/Content/SuperGrid/StarterPack/Materials/Functions/Texture/Tex_SimpleGrid.uasset' has been saved with empty engine version. The asset will be loaded but may be incompatible.
[2018.04.11-10.33.26:978][809]LogLinker: Warning: Asset '../../../../../../Users/at9amt/Documents/PGVR_02/PGVR_02/Content/SuperGrid/StarterPack/Source/Textures/T_BasicGrid_M.uasset' has been saved with empty engine version. The asset will be loaded but may be incompatible.
[2018.04.11-10.33.26:985][809]LogLinker: Warning: Asset '../../../../../../Users/at9amt/Documents/PGVR_02/PGVR_02/Content/SuperGrid/StarterPack/Materials/Functions/UV/UV_SetupGrid.uasset' has been saved with empty engine version. The asset will be loaded but may be incompatible.
[2018.04.11-10.33.26:990][809]LogLinker: Warning: Asset '../../../../../../Users/at9amt/Documents/PGVR_02/PGVR_02/Content/SuperGrid/StarterPack/Source/Textures/T_BasicGrid_N.uasset' has been saved with empty engine version. The asset will be loaded but may be incompatible.
[2018.04.11-10.33.27:064][809]LogBlueprint: Warning: [Compiler PersistentLevel.Apartment] InputAction Event references unknown Action 'ForceSafeOpen' for  InputAction ForceSafeOpen
[2018.04.11-10.33.27:072][809]LogBlueprint: Warning: [Compiler PersistentLevel.Apartment] [0563.56] Compile of PersistentLevel.Apartment successful, but with 1 Warning(s) [in 20 ms] (/Game/Maps/Apartment.Apartment:PersistentLevel.Apartment)
[2018.04.11-10.33.27:310][809]LogLinker: Warning: Can't find file '/Game/Apartment/Geometry/Meshes/CubeMaterial'
[2018.04.11-10.33.27:311][809]LoadErrors: Failed to load /Game/Apartment/Geometry/Meshes/CubeMaterial.CubeMaterial Referenced by 1M_Cube
[2018.04.11-10.33.27:311][809]LogLinker: Warning: Can't find file for asset '/Game/Apartment/Geometry/Meshes/CubeMaterial' while loading NULL.
[2018.04.11-10.33.27:311][809]LogLinker: Warning: Can't find file '/Game/Apartment/Geometry/Meshes/CubeMaterial'
[2018.04.11-10.33.27:311][809]LogLinker: Warning: Can't find file for asset '/Game/Apartment/Geometry/Meshes/CubeMaterial' while loading NULL.
[2018.04.11-10.33.27:322][809]LogMaterial: Uniform references updated for custom material expression Custom.
[2018.04.11-10.33.27:422][809]LogMaterial: Missing cached shader map for material Hologram1, compiling. 
[2018.04.11-10.33.27:478][809]LogMaterial: Missing cached shader map for material Projection_01_MAT, compiling. 
[2018.04.11-10.33.27:646][809]LogMaterial: Missing cached shader map for material M_ParticleWater_MASTER, compiling. 
[2018.04.11-10.33.27:786][809]LogMaterial: Missing cached shader map for material Bubble_01_MAT, compiling. 
[2018.04.11-10.33.28:118][809]LogMaterial: Missing cached shader map for material M_BloodMaster, compiling. 
[2018.04.11-10.33.28:163][809]LogMaterial: Missing cached shader map for material BasicShapeMaterial, compiling. 
[2018.04.11-10.33.28:251][809]LogMaterial: Missing cached shader map for material M-GRD_Master, compiling. 
[2018.04.11-10.33.28:278][809]LogMaterial: Missing cached shader map for material CardGlow, compiling. 
[2018.04.11-10.33.28:322][809]LogMaterial: Missing cached shader map for material Lock, compiling. 
[2018.04.11-10.33.28:375][809]LogMaterial: Missing cached shader map for material Scanner, compiling. 
[2018.04.11-10.33.28:404][809]LogMaterial: Missing cached shader map for material Wall_01_MAT, compiling. 
[2018.04.11-10.33.28:457][809]LogMaterial: Missing cached shader map for material Bomb_01_MAT, compiling. 
[2018.04.11-10.33.28:501][809]LogMaterial: Missing cached shader map for material Hand, compiling. 
[2018.04.11-10.33.28:659][809]LogMaterial: Missing cached shader map for material M_Metal_Burnished_Steel, compiling. 
[2018.04.11-10.33.28:709][809]LogMaterial: Missing cached shader map for material M_ShowerGlass1, compiling. 
[2018.04.11-10.33.28:765][809]LogMaterial: Missing cached shader map for material M_AtlasMap, compiling. 
[2018.04.11-10.33.28:965][809]LogMaterial: Missing cached shader map for material BathroomWall_M, compiling. 
[2018.04.11-10.33.29:008][809]LogMaterial: Missing cached shader map for material M_Bookcase, compiling. 
[2018.04.11-10.33.29:072][809]LogMaterial: Missing cached shader map for material blinn1, compiling. 
[2018.04.11-10.33.29:111][809]LogMaterial: Missing cached shader map for material M_Looroll, compiling. 
[2018.04.11-10.33.29:154][809]LogMaterial: Missing cached shader map for material M_Canvas, compiling. 
[2018.04.11-10.33.29:193][809]LogMaterial: Missing cached shader map for material M_Bed, compiling. 
[2018.04.11-10.33.29:235][809]LogMaterial: Missing cached shader map for material M_Pillows, compiling. 
[2018.04.11-10.33.29:277][809]LogMaterial: Missing cached shader map for material lambert34, compiling. 
[2018.04.11-10.33.29:362][809]LogMaterial: Missing cached shader map for material lambert1, compiling. 
[2018.04.11-10.33.29:404][809]LogMaterial: Missing cached shader map for material M_Metal_Gold, compiling. 
[2018.04.11-10.33.29:447][809]LogMaterial: Missing cached shader map for material M_Metal_Brushed_Nickel2, compiling. 
[2018.04.11-10.33.29:486][809]LogMaterial: Missing cached shader map for material CircuitTex, compiling. 
[2018.04.11-10.33.29:517][809]LogMaterial: Missing cached shader map for material Table_Screen, compiling. 
[2018.04.11-10.33.29:656][809]LogMaterial: Missing cached shader map for material Black, compiling. 
[2018.04.11-10.33.29:737][809]LogMaterial: Missing cached shader map for material defaultPolygonShader, compiling. 
[2018.04.11-10.33.29:787][809]LogMaterial: Missing cached shader map for material DoorAtlas_01_MAT, compiling. 
[2018.04.11-10.33.29:851][809]LogMaterial: Missing cached shader map for material Wall1, compiling. 
[2018.04.11-10.33.29:887][809]LogMaterial: Missing cached shader map for material pasted__TableStuff1, compiling. 
[2018.04.11-10.33.29:926][809]LogMaterial: Missing cached shader map for material M_Mug, compiling. 
[2018.04.11-10.33.29:964][809]LogMaterial: Missing cached shader map for material Cooker, compiling. 
[2018.04.11-10.33.30:007][809]LogMaterial: Missing cached shader map for material M_ShowerGlass, compiling. 
[2018.04.11-10.33.30:061][809]LogMaterial: Missing cached shader map for material M_BalconyFloor, compiling. 
[2018.04.11-10.33.30:099][809]LogMaterial: Missing cached shader map for material Walls_01_A_Mat, compiling. 
[2018.04.11-10.33.30:138][809]LogMaterial: Missing cached shader map for material Wall_03_MAT, compiling. 
[2018.04.11-10.33.30:175][809]LogMaterial: Missing cached shader map for material Wall_02_MAT, compiling. 
[2018.04.11-10.33.30:216][809]LogMaterial: Missing cached shader map for material BounceCard, compiling. 
[2018.04.11-10.33.30:257][809]LogMaterial: Missing cached shader map for material M_ChromeBall, compiling. 
[2018.04.11-10.33.30:300][809]LogMaterial: Missing cached shader map for material lambert6, compiling. 
[2018.04.11-10.33.30:339][809]LogMaterial: Missing cached shader map for material lambert1, compiling. 
[2018.04.11-10.33.30:410][809]LogMaterial: Missing cached shader map for material Rug_Mat, compiling. 
[2018.04.11-10.33.30:545][809]LogMaterial: Missing cached shader map for material Light, compiling. 
[2018.04.11-10.33.30:586][809]LogMaterial: Missing cached shader map for material Glass_MAT, compiling. 
[2018.04.11-10.33.30:643][809]LogMaterial: Missing cached shader map for material Glass, compiling. 
[2018.04.11-10.33.30:706][809]LogMaterial: Missing cached shader map for material M_Wood_Floor_Walnut_Worn, compiling. 
[2018.04.11-10.33.30:744][809]LogMaterial: Missing cached shader map for material M_Wood_Floor_Walnut_Polished, compiling. 
[2018.04.11-10.33.30:785][809]LogMaterial: Missing cached shader map for material M_Metal_Brushed_Nickel1, compiling. 
[2018.04.11-10.33.30:863][809]LogMaterial: Missing cached shader map for material M_Metal_Brushed_Nickel, compiling. 
[2018.04.11-10.33.30:904][809]LogMaterial: Missing cached shader map for material Black_Plastic, compiling. 
[2018.04.11-10.33.30:944][809]LogMaterial: Missing cached shader map for material Mirror, compiling. 
[2018.04.11-10.33.30:983][809]LogMaterial: Missing cached shader map for material M_Rock, compiling. 
[2018.04.11-10.33.31:024][809]LogMaterial: Missing cached shader map for material M_Rock_Sandstone, compiling. 
[2018.04.11-10.33.31:067][809]LogMaterial: Missing cached shader map for material Seaweed_01_MAT, compiling. 
[2018.04.11-10.33.31:126][809]LogMaterial: Missing cached shader map for material Fish_01_MAT, compiling. 
[2018.04.11-10.33.31:156][809]LogMaterial: Missing cached shader map for material Water_01_MAT, compiling. 
[2018.04.11-10.33.31:217][809]LogMaterial: Missing cached shader map for material PlugMetal, compiling. 
[2018.04.11-10.33.31:261][809]LogMaterial: Missing cached shader map for material LiftDoor, compiling. 
[2018.04.11-10.33.31:300][809]LogMaterial: Missing cached shader map for material lambert2, compiling. 
[2018.04.11-10.33.31:340][809]LogMaterial: Missing cached shader map for material lambert1, compiling. 
[2018.04.11-10.33.31:380][809]LogMaterial: Missing cached shader map for material blinn2, compiling. 
[2018.04.11-10.33.31:408][809]LogMaterial: Missing cached shader map for material Glow, compiling. 
[2018.04.11-10.33.31:450][809]LogMaterial: Missing cached shader map for material lambert47, compiling. 
[2018.04.11-10.33.31:492][809]LogMaterial: Missing cached shader map for material Wood, compiling. 
[2018.04.11-10.33.31:539][809]LogMaterial: Missing cached shader map for material Ceiling, compiling. 
[2018.04.11-10.33.31:603][809]LogMaterial: Missing cached shader map for material NewMessage_01_MAT, compiling. 
[2018.04.11-10.33.31:706][809]LogMaterial: Missing cached shader map for material Hologram, compiling. 
[2018.04.11-10.33.31:743][809]LogMaterial: Missing cached shader map for material PictureATLAS, compiling. 
[2018.04.11-10.33.31:788][809]LogMaterial: Missing cached shader map for material M_AtlasShirt, compiling. 
[2018.04.11-10.33.31:839][809]LogMaterial: Missing cached shader map for material Liquid_01_MAT, compiling. 
[2018.04.11-10.33.31:908][809]LogMaterial: Missing cached shader map for material Logos, compiling. 
[2018.04.11-10.33.31:974][809]LogMaterial: Missing cached shader map for material Black, compiling. 
[2018.04.11-10.33.32:018][809]LogMaterial: Missing cached shader map for material M_SuperGrid_SingleColor, compiling. 
[2018.04.11-10.33.32:095][809]LogMaterial: Missing cached shader map for material M_Bush, compiling. 
[2018.04.11-10.33.32:166][809]LogMaterial: Missing cached shader map for material Meatal, compiling. 
[2018.04.11-10.33.32:204][809]LogMaterial: Missing cached shader map for material BlackLeather, compiling. 
[2018.04.11-10.33.32:276][809]LogAIModule: Creating AISystem for world Apartment
[2018.04.11-10.33.32:674][809]Cmd: MAP LOAD FILE="../../../../../../Users/at9amt/Documents/PGVR_02/PGVR_02/Content/Maps/Apartment.umap" TEMPLATE=0 SHOWPROGRESS=1 FEATURELEVEL=3
[2018.04.11-10.33.32:674][809]LightingResults: New page: Lighting Build
[2018.04.11-10.33.32:675][809]LoadErrors: New page: Loading map: Apartment.umap
[2018.04.11-10.33.32:676][809]MapCheck: New page: Map Check
[2018.04.11-10.33.32:676][809]LightingResults: New page: Lighting Build
[2018.04.11-10.33.32:719][809]PIE: Warning: Trying to simulate physics on ''/Game/Maps/Apartment.Apartment:PersistentLevel.CutelryTray_5.StaticMeshComponent0'' but it has ComplexAsSimple collision.
[2018.04.11-10.33.32:797][809]LogEditorServer: Finished looking for orphan Actors (0.000 secs)
[2018.04.11-10.33.32:852][809]Cmd: MAP CHECKDEP NOCLEARLOG
[2018.04.11-10.33.32:997][809]MapCheck: Map check complete: 0 Error(s), 0 Warning(s), took 145.125ms to complete.
[2018.04.11-10.33.32:997][809]LogFileHelpers: Loading map 'Apartment' took 0.324
[2018.04.11-10.34.10:451][935]LogSlate: Only BGRA pngs, bmps or icos are supported in by External Image Picker
[2018.04.11-10.34.10:515][936]LogTemp: Executing iPhonePackager certificates Engine -bundlename com.YourCompany.PGVR02
[2018.04.11-10.34.10:515][936]LogTemp: CWD: C:\Program Files\Epic Games\UE_4.18\Engine\Binaries\DotNET\IOS
[2018.04.11-10.34.10:515][936]LogTemp: Initial Dir: C:\Program Files\Epic Games\UE_4.18
[2018.04.11-10.34.10:515][936]LogTemp: Env CWD: C:\Program Files\Epic Games\UE_4.18\Engine\Binaries\DotNET\IOS
[2018.04.11-10.34.10:515][936]LogTemp: BranchPath = AMTX206-01/C/Program Files/Epic Games/UE_4.18/Engine/Binaries --- GameBranchPath = AMTX206-01/C/Program Files/Epic Games/UE_4.18/Engine/Binaries
[2018.04.11-10.34.10:539][937]LogTemp: IPP ERROR: Could not find provision directory 'C:\Users\at9amt\AppData\Local/Apple Computer/MobileDevice/Provisioning Profiles/'.
[2018.04.11-10.35.39:944][661]LogSlate: Took 0.000222 seconds to synchronously load lazily loaded font '../../../Engine/Content/Slate/Fonts/Roboto-Light.ttf' (159K)
[2018.04.11-10.35.47:860][673]LogLinker: Warning: Can't find file '/Script/VRProj'
[2018.04.11-10.35.47:861][673]LogLinker: Warning: Can't find file '/Script/VRProj'
[2018.04.11-10.35.47:861][673]LogUObjectGlobals: Warning: Failed to find object 'Class /Script/VRProj.GameModePrototype'
[2018.04.11-10.39.09:964][796]LogContentBrowser: Native class hierarchy updated for 'MaterialEditor' in 0.0003 seconds. Added 1 classes and 0 folders.
[2018.04.11-10.39.09:969][796]LogMaterial: Missing cached shader map for material M_Wood_Floor_Walnut_Worn, compiling. 
[2018.04.11-10.39.10:325][796]LogMaterial: Missing cached shader map for material M_SkyBox, compiling. 
[2018.04.11-10.39.10:354][796]LogMaterial: Missing cached shader map for material GridMaterial, compiling. 
[2018.04.11-10.39.10:515][796]LogMaterial: Missing cached shader map for material M_Wood_Floor_Walnut_Worn, compiling. 
[2018.04.11-10.39.10:571][796]LogMaterial: Missing cached shader map for material FMatExpressionPreview MaterialExpressionTextureSample_1, compiling. 
[2018.04.11-10.39.10:575][796]LogMaterial: Missing cached shader map for material FMatExpressionPreview MaterialExpressionTextureSample_2, compiling. 
[2018.04.11-10.39.10:581][796]LogMaterial: Missing cached shader map for material FMatExpressionPreview MaterialExpressionTextureSample_0, compiling. 
[2018.04.11-10.39.10:588][796]LogMaterial: Missing cached shader map for material FMatExpressionPreview MaterialExpressionTextureSample_32, compiling. 
[2018.04.11-10.39.10:593][796]LogMaterial: Missing cached shader map for material FMatExpressionPreview MaterialExpressionTextureSample_33, compiling. 
[2018.04.11-10.39.10:599][796]LogMaterial: Missing cached shader map for material FMatExpressionPreview MaterialExpressionTextureSample_34, compiling. 
[2018.04.11-10.39.10:628][796]LogSlate: Took 0.006546 seconds to synchronously load lazily loaded font '../../../Engine/Content/Editor/Slate/Fonts/Roboto-BoldCondensed.ttf' (158K)
[2018.04.11-10.39.13:843][894]MaterialEditorStats: Base pass shader: 128 instructions
[2018.04.11-10.39.13:843][894]MaterialEditorStats: Base pass shader with Surface Lightmap: 147 instructions
[2018.04.11-10.39.13:843][894]MaterialEditorStats: Base pass shader with Volumetric Lightmap: 203 instructions
[2018.04.11-10.39.13:843][894]MaterialEditorStats: Vertex shader: 31 instructions
[2018.04.11-10.39.13:843][894]MaterialEditorStats: Texture samplers: 7/16
[2018.04.11-10.39.13:843][894]MaterialEditorStats: User interpolators: 2/4 Scalars (1/4 Vectors) (TexCoords: 2, Custom: 0)
[2018.04.11-10.39.26:538][413]LogMaterial: Missing cached shader map for material M_Wood_Floor_Walnut_Worn, compiling. 
[2018.04.11-10.39.27:250][437]LogMaterial: Missing cached shader map for material M_Wood_Floor_Walnut_Worn, compiling. 
[2018.04.11-10.39.31:348][605]MaterialEditorStats: Base pass shader: 128 instructions
[2018.04.11-10.39.31:348][605]MaterialEditorStats: Base pass shader with Surface Lightmap: 147 instructions
[2018.04.11-10.39.31:348][605]MaterialEditorStats: Base pass shader with Volumetric Lightmap: 203 instructions
[2018.04.11-10.39.31:348][605]MaterialEditorStats: Vertex shader: 31 instructions
[2018.04.11-10.39.31:348][605]MaterialEditorStats: Texture samplers: 7/16
[2018.04.11-10.39.31:348][605]MaterialEditorStats: User interpolators: 2/4 Scalars (1/4 Vectors) (TexCoords: 2, Custom: 0)
[2018.04.11-10.39.35:145][ 26]LogMaterial: Missing cached shader map for material M_Wood_Floor_Walnut_Worn, compiling. 
[2018.04.11-10.39.36:874][215]LogMaterial: Missing cached shader map for material M_Wood_Floor_Walnut_Worn, compiling. 
[2018.04.11-10.39.36:913][216]LogMaterialEditor: Applying material M_Wood_Floor_Walnut_Worn
[2018.04.11-10.39.37:560][216]LogMaterial: Missing cached shader map for material M_Wood_Floor_Walnut_Worn, compiling. 
[2018.04.11-10.39.37:625][216]LogMaterial: Missing cached shader map for material M_Wood_Floor_Walnut_Worn, compiling. 
[2018.04.11-10.39.37:688][216]LogMaterial: Missing cached shader map for material M_Wood_Floor_Walnut_Worn, compiling. 
[2018.04.11-10.39.37:753][216]LogMaterial: Missing cached shader map for material FDebugViewModeMaterialProxy M_Wood_Floor_Walnut_Worn, compiling. 
[2018.04.11-10.39.39:463][216]TextureStreamingBuild: Display: Compiling optional shaders took 1.716 seconds.
[2018.04.11-10.39.44:369][513]LogEditorViewport: Clicking on Actor (LMB): StaticMeshActor (Rug_02_SM)
[2018.04.11-10.39.47:662][704]MaterialEditorStats: Base pass shader: 128 instructions
[2018.04.11-10.39.47:663][704]MaterialEditorStats: Base pass shader with Surface Lightmap: 147 instructions
[2018.04.11-10.39.47:663][704]MaterialEditorStats: Base pass shader with Volumetric Lightmap: 203 instructions
[2018.04.11-10.39.47:663][704]MaterialEditorStats: Vertex shader: 31 instructions
[2018.04.11-10.39.47:663][704]MaterialEditorStats: Texture samplers: 7/16
[2018.04.11-10.39.47:663][704]MaterialEditorStats: User interpolators: 2/4 Scalars (1/4 Vectors) (TexCoords: 2, Custom: 0)
[2018.04.11-10.40.29:892][770]LogSavePackage: Save=28.29ms
[2018.04.11-10.40.29:892][770]LogSavePackage: Moving '../../../../../../Users/at9amt/Documents/PGVR_02/PGVR_02/Saved/M_Wood_Floor_Walnut_Worn92B3C4584EDB2742649CA98F3CF2CE85.tmp' to '../../../../../../Users/at9amt/Documents/PGVR_02/PGVR_02/Content/StarterContent/Materials/M_Wood_Floor_Walnut_Worn.uasset'
[2018.04.11-10.40.29:895][770]LogSavePackage: Display: Finished SavePackage ../../../../../../Users/at9amt/Documents/PGVR_02/PGVR_02/Content/StarterContent/Materials/M_Wood_Floor_Walnut_Worn.uasset
[2018.04.11-10.41.46:193][226]LogWindowsTextInputMethodSystem: Display: IME system now deactivated.
[2018.04.11-10.41.46:375][227]Cmd: QUIT_EDITOR
[2018.04.11-10.41.46:404][227]LogExit: Preparing to exit.
[2018.04.11-10.41.47:422][227]LogDirectoryWatcher: A directory notification for 'C:/Users/at9amt/Documents/PGVR_02/PGVR_02/Content/' was aborted.
[2018.04.11-10.41.47:442][227]PIE: UWidget::RemoveFromParent() called on 'None.None:None' which has no UMG parent (if it was added directly to a native Slate widget via TakeWidget() then it must be removed explicitly rather than via RemoveFromParent())
[2018.04.11-10.41.47:462][227]LogExit: Editor shut down
[2018.04.11-10.41.47:466][227]LogExit: Transaction tracking system shut down
[2018.04.11-10.41.47:631][227]LogDirectoryWatcher: A directory notification for '../../../Engine/Content/' was aborted.
[2018.04.11-10.41.47:631][227]LogDirectoryWatcher: A directory notification for '../../../../../../Users/at9amt/Documents/PGVR_02/PGVR_02/Content/' was aborted.
[2018.04.11-10.41.47:631][227]LogDirectoryWatcher: A directory notification for '../../../Engine/Plugins/2D/Paper2D/Content/' was aborted.
[2018.04.11-10.41.47:631][227]LogDirectoryWatcher: A directory notification for '../../../Engine/Plugins/FMODStudio/Content/' was aborted.
[2018.04.11-10.41.47:631][227]LogDirectoryWatcher: A directory notification for '../../../Engine/Plugins/Media/MediaCompositing/Content/' was aborted.
[2018.04.11-10.41.47:631][227]LogDirectoryWatcher: A directory notification for '../../../Engine/Plugins/Runtime/AppleARKit/Content/' was aborted.
[2018.04.11-10.41.47:631][227]LogDirectoryWatcher: A directory notification for '../../../Engine/Plugins/Runtime/Oculus/OculusVR/Content/' was aborted.
[2018.04.11-10.41.47:631][227]LogDirectoryWatcher: A directory notification for '../../../Engine/Plugins/Runtime/Steam/SteamVR/Content/' was aborted.
[2018.04.11-10.41.47:676][227]LogExit: Object subsystem successfully closed.
[2018.04.11-10.41.47:695][227]LogD3D11RHI: Shutdown
[2018.04.11-10.41.47:695][227]LogD3D11RHI: CleanupD3DDevice
[2018.04.11-10.41.47:699][227]LogD3D11RHI: ~FD3D11DynamicRHI
[2018.04.11-10.41.47:711][227]LogModuleManager: Shutting down and abandoning module MaterialEditor (558)
[2018.04.11-10.41.47:711][227]LogModuleManager: Shutting down and abandoning module ExternalImagePicker (556)
[2018.04.11-10.41.47:711][227]LogModuleManager: Shutting down and abandoning module HierarchicalLODOutliner (554)
[2018.04.11-10.41.47:711][227]LogModuleManager: Shutting down and abandoning module SceneOutliner (552)
[2018.04.11-10.41.47:711][227]LogModuleManager: Shutting down and abandoning module AddContentDialog (550)
[2018.04.11-10.41.47:711][227]LogDirectoryWatcher: A directory notification for 'C:/Program Files/Epic Games/UE_4.18/FeaturePacks/' was aborted.
[2018.04.11-10.41.47:712][227]LogModuleManager: Shutting down and abandoning module WidgetCarousel (549)
[2018.04.11-10.41.47:712][227]LogModuleManager: Shutting down and abandoning module EditorWidgets (546)
[2018.04.11-10.41.47:712][227]LogModuleManager: Shutting down and abandoning module CollectionManager (544)
[2018.04.11-10.41.47:712][227]LogDirectoryWatcher: A directory notification for 'C:/Users/at9amt/Documents/PGVR_02/PGVR_02/Content/Collections/' was aborted.
[2018.04.11-10.41.47:712][227]LogDirectoryWatcher: A directory notification for 'C:/Users/at9amt/Documents/PGVR_02/PGVR_02/Content/Developers/at9amt/Collections/' was aborted.
[2018.04.11-10.41.47:712][227]LogDirectoryWatcher: A directory notification for 'C:/Users/at9amt/Documents/PGVR_02/PGVR_02/Saved/Collections/' was aborted.
[2018.04.11-10.41.47:712][227]LogModuleManager: Shutting down and abandoning module HierarchicalLODUtilities (542)
[2018.04.11-10.41.47:712][227]LogModuleManager: Shutting down and abandoning module StatsViewer (540)
[2018.04.11-10.41.47:712][227]LogModuleManager: Shutting down and abandoning module FoliageEdit (538)
[2018.04.11-10.41.47:712][227]LogModuleManager: Shutting down and abandoning module LandscapeEditor (536)
[2018.04.11-10.41.47:712][227]LogModuleManager: Shutting down and abandoning module MeshPaintMode (534)
[2018.04.11-10.41.47:712][227]LogModuleManager: Shutting down and abandoning module SceneDepthPickerMode (532)
[2018.04.11-10.41.47:712][227]LogModuleManager: Shutting down and abandoning module ActorPickerMode (530)
[2018.04.11-10.41.47:713][227]LogModuleManager: Shutting down and abandoning module GeometryMode (528)
[2018.04.11-10.41.47:713][227]LogModuleManager: Shutting down and abandoning module TextureAlignMode (526)
[2018.04.11-10.41.47:713][227]LogModuleManager: Shutting down and abandoning module BspMode (524)
[2018.04.11-10.41.47:713][227]LogModuleManager: Shutting down and abandoning module PIEPreviewDeviceProfileSelector (522)
[2018.04.11-10.41.47:713][227]LogModuleManager: Shutting down and abandoning module HardwareSurvey (520)
[2018.04.11-10.41.47:713][227]LogModuleManager: Shutting down and abandoning module SequenceRecorderSections (518)
[2018.04.11-10.41.47:713][227]LogModuleManager: Shutting down and abandoning module AutomationWorker (516)
[2018.04.11-10.41.47:713][227]LogModuleManager: Shutting down and abandoning module MatineeToLevelSequence (514)
[2018.04.11-10.41.47:713][227]LogModuleManager: Shutting down and abandoning module LevelSequenceEditor (512)
[2018.04.11-10.41.47:713][227]LogModuleManager: Shutting down and abandoning module PlacementMode (511)
[2018.04.11-10.41.47:713][227]LogModuleManager: Shutting down and abandoning module WmfMediaFactory (508)
[2018.04.11-10.41.47:713][227]LogModuleManager: Shutting down and abandoning module WmfMediaEditor (506)
[2018.04.11-10.41.47:713][227]LogModuleManager: Shutting down and abandoning module OpenExrWrapper (504)
[2018.04.11-10.41.47:713][227]LogModuleManager: Shutting down and abandoning module ImgMediaFactory (502)
[2018.04.11-10.41.47:713][227]LogModuleManager: Shutting down and abandoning module ImgMediaEditor (500)
[2018.04.11-10.41.47:713][227]LogModuleManager: Shutting down and abandoning module AvfMediaFactory (498)
[2018.04.11-10.41.47:713][227]LogModuleManager: Shutting down and abandoning module AvfMediaEditor (496)
[2018.04.11-10.41.47:713][227]LogModuleManager: Shutting down and abandoning module AndroidMediaFactory (494)
[2018.04.11-10.41.47:713][227]LogModuleManager: Shutting down and abandoning module AndroidMediaEditor (492)
[2018.04.11-10.41.47:713][227]LogModuleManager: Shutting down and abandoning module CharacterAI (490)
[2018.04.11-10.41.47:713][227]LogModuleManager: Shutting down and abandoning module AudioCapture (488)
[2018.04.11-10.41.47:713][227]LogModuleManager: Shutting down and abandoning module SequenceRecorder (487)
[2018.04.11-10.41.47:713][227]LogModuleManager: Shutting down and abandoning module SmartSnapping (484)
[2018.04.11-10.41.47:713][227]LogModuleManager: Shutting down and abandoning module SessionServices (482)
[2018.04.11-10.41.47:713][227]LogModuleManager: Shutting down and abandoning module ViewportSnapping (480)
[2018.04.11-10.41.47:713][227]LogModuleManager: Shutting down and abandoning module ViewportInteraction (478)
[2018.04.11-10.41.47:713][227]LogModuleManager: Shutting down and abandoning module ClothPainter (476)
[2018.04.11-10.41.47:713][227]LogModuleManager: Shutting down and abandoning module SkeletalMeshEditor (475)
[2018.04.11-10.41.47:713][227]LogModuleManager: Shutting down and abandoning module LogVisualizer (472)
[2018.04.11-10.41.47:713][227]LogModuleManager: Shutting down and abandoning module IntroTutorials (470)
[2018.04.11-10.41.47:713][227]LogModuleManager: Shutting down and abandoning module GameProjectGeneration (469)
[2018.04.11-10.41.47:713][227]LogModuleManager: Shutting down and abandoning module IOSPlatformEditor (466)
[2018.04.11-10.41.47:713][227]LogModuleManager: Shutting down and abandoning module HTML5PlatformEditor (464)
[2018.04.11-10.41.47:713][227]LogModuleManager: Shutting down and abandoning module AndroidPlatformEditor (462)
[2018.04.11-10.41.47:713][227]LogModuleManager: Shutting down and abandoning module AndroidDeviceDetection (461)
[2018.04.11-10.41.48:392][227]LogModuleManager: Shutting down and abandoning module WindowsPlatformEditor (458)
[2018.04.11-10.41.48:392][227]LogModuleManager: Shutting down and abandoning module IOSRuntimeSettings (456)
[2018.04.11-10.41.48:392][227]LogModuleManager: Shutting down and abandoning module AndroidRuntimeSettings (454)
[2018.04.11-10.41.48:392][227]LogModuleManager: Shutting down and abandoning module InputBindingEditor (452)
[2018.04.11-10.41.48:392][227]LogModuleManager: Shutting down and abandoning module MergeActors (450)
[2018.04.11-10.41.48:392][227]LogModuleManager: Shutting down and abandoning module SizeMap (448)
[2018.04.11-10.41.48:392][227]LogModuleManager: Shutting down and abandoning module TreeMap (446)
[2018.04.11-10.41.48:392][227]LogModuleManager: Shutting down and abandoning module ReferenceViewer (444)
[2018.04.11-10.41.48:392][227]LogModuleManager: Shutting down and abandoning module LocalizationDashboard (442)
[2018.04.11-10.41.48:392][227]LogModuleManager: Shutting down and abandoning module LocalizationService (441)
[2018.04.11-10.41.48:392][227]LogModuleManager: Shutting down and abandoning module HardwareTargeting (438)
[2018.04.11-10.41.48:392][227]LogModuleManager: Shutting down and abandoning module DeviceProfileEditor (436)
[2018.04.11-10.41.48:392][227]LogModuleManager: Shutting down and abandoning module UndoHistory (434)
[2018.04.11-10.41.48:392][227]LogModuleManager: Shutting down and abandoning module XmlParser (432)
[2018.04.11-10.41.48:392][227]LogModuleManager: Shutting down and abandoning module Blutility (430)
[2018.04.11-10.41.48:392][227]LogModuleManager: Shutting down and abandoning module ProjectSettingsViewer (428)
[2018.04.11-10.41.48:392][227]LogModuleManager: Shutting down and abandoning module ProjectTargetPlatformEditor (427)
[2018.04.11-10.41.48:392][227]LogModuleManager: Shutting down and abandoning module EditorSettingsViewer (424)
[2018.04.11-10.41.48:392][227]LogModuleManager: Shutting down and abandoning module SettingsEditor (422)
[2018.04.11-10.41.48:392][227]LogModuleManager: Shutting down and abandoning module ProjectLauncher (420)
[2018.04.11-10.41.48:392][227]LogModuleManager: Shutting down and abandoning module SessionFrontend (418)
[2018.04.11-10.41.48:392][227]LogModuleManager: Shutting down and abandoning module ProfilerClient (416)
[2018.04.11-10.41.48:392][227]LogModuleManager: Shutting down and abandoning module DeviceManager (414)
[2018.04.11-10.41.48:392][227]LogModuleManager: Shutting down and abandoning module TargetDeviceServices (413)
[2018.04.11-10.41.48:455][227]LogModuleManager: Shutting down and abandoning module AutomationController (410)
[2018.04.11-10.41.48:455][227]LogModuleManager: Shutting down and abandoning module AutomationWindow (408)
[2018.04.11-10.41.48:455][227]LogModuleManager: Shutting down and abandoning module Layers (406)
[2018.04.11-10.41.48:455][227]LogModuleManager: Shutting down and abandoning module ComponentVisualizers (404)
[2018.04.11-10.41.48:455][227]LogModuleManager: Shutting down and abandoning module DetailCustomizations (402)
[2018.04.11-10.41.48:455][227]LogModuleManager: Shutting down and abandoning module PackagesDialog (400)
[2018.04.11-10.41.48:455][227]LogModuleManager: Shutting down and abandoning module Persona (398)
[2018.04.11-10.41.48:455][227]LogModuleManager: Shutting down and abandoning module AdvancedPreviewScene (397)
[2018.04.11-10.41.48:455][227]LogModuleManager: Shutting down and abandoning module AnimGraph (395)
[2018.04.11-10.41.48:455][227]LogModuleManager: Shutting down and abandoning module Kismet (392)
[2018.04.11-10.41.48:456][227]LogModuleManager: Shutting down and abandoning module ClassViewer (390)
[2018.04.11-10.41.48:456][227]LogModuleManager: Shutting down and abandoning module Toolbox (388)
[2018.04.11-10.41.48:456][227]LogModuleManager: Shutting down and abandoning module ModuleUI (386)
[2018.04.11-10.41.48:456][227]LogModuleManager: Shutting down and abandoning module MovieSceneTools (384)
[2018.04.11-10.41.48:456][227]LogModuleManager: Shutting down and abandoning module OutputLog (382)
[2018.04.11-10.41.48:456][227]LogModuleManager: Shutting down and abandoning module GammaUI (380)
[2018.04.11-10.41.48:456][227]LogModuleManager: Shutting down and abandoning module Documentation (378)
[2018.04.11-10.41.48:456][227]LogModuleManager: Shutting down and abandoning module MovieSceneTracks (376)
[2018.04.11-10.41.48:456][227]LogModuleManager: Shutting down and abandoning module MovieScene (374)
[2018.04.11-10.41.48:456][227]LogModuleManager: Shutting down and abandoning module StreamingPauseRendering (372)
[2018.04.11-10.41.48:456][227]LogModuleManager: Shutting down and abandoning module LauncherPlatform (370)
[2018.04.11-10.41.48:456][227]LogModuleManager: Shutting down and abandoning module AnalyticsET (368)
[2018.04.11-10.41.48:456][227]LogModuleManager: Shutting down and abandoning module PortalServices (366)
[2018.04.11-10.41.48:456][227]LogModuleManager: Shutting down and abandoning module PortalRpc (364)
[2018.04.11-10.41.48:456][227]LogModuleManager: Shutting down and abandoning module MessagingRpc (362)
[2018.04.11-10.41.48:456][227]LogModuleManager: Shutting down and abandoning module AIModule (360)
[2018.04.11-10.41.48:456][227]LogModuleManager: Shutting down and abandoning module GameplayDebugger (359)
[2018.04.11-10.41.48:456][227]LogModuleManager: Shutting down and abandoning module AITestSuite (357)
[2018.04.11-10.41.48:456][227]LogModuleManager: Shutting down and abandoning module DesktopPlatform (354)
[2018.04.11-10.41.48:456][227]LogModuleManager: Shutting down and abandoning module ProfilerService (352)
[2018.04.11-10.41.48:515][227]LogModuleManager: Shutting down and abandoning module TaskGraph (350)
[2018.04.11-10.41.48:515][227]LogModuleManager: Shutting down and abandoning module SteamVRController (348)
[2018.04.11-10.41.48:515][227]LogModuleManager: Shutting down and abandoning module ProceduralMeshComponentEditor (346)
[2018.04.11-10.41.48:515][227]LogModuleManager: Shutting down and abandoning module ProceduralMeshComponent (344)
[2018.04.11-10.41.48:515][227]LogModuleManager: Shutting down and abandoning module OculusInput (342)
[2018.04.11-10.41.48:515][227]LogModuleManager: Shutting down and abandoning module MobilePatchingUtils (340)
[2018.04.11-10.41.48:515][227]LogModuleManager: Shutting down and abandoning module CustomMeshComponent (338)
[2018.04.11-10.41.48:515][227]LogModuleManager: Shutting down and abandoning module CableComponent (336)
[2018.04.11-10.41.48:515][227]LogModuleManager: Shutting down and abandoning module ArchVisCharacter (334)
[2018.04.11-10.41.48:515][227]LogModuleManager: Shutting down and abandoning module AndroidPermission (332)
[2018.04.11-10.41.48:515][227]LogModuleManager: Shutting down and abandoning module ActorSequence (328)
[2018.04.11-10.41.48:515][227]LogModuleManager: Shutting down and abandoning module MediaPlayerEditor (326)
[2018.04.11-10.41.48:515][227]LogModuleManager: Shutting down and abandoning module MediaCompositingEditor (324)
[2018.04.11-10.41.48:515][227]LogModuleManager: Shutting down and abandoning module MediaCompositing (322)
[2018.04.11-10.41.48:515][227]LogModuleManager: Shutting down and abandoning module FMODStudioEditor (320)
[2018.04.11-10.41.48:516][227]LogModuleManager: Shutting down and abandoning module HTML5Networking (318)
[2018.04.11-10.41.48:516][227]LogModuleManager: Shutting down and abandoning module AlembicImporter (316)
[2018.04.11-10.41.48:516][227]LogModuleManager: Shutting down and abandoning module AlembicLibrary (315)
[2018.04.11-10.41.48:516][227]LogModuleManager: Shutting down and abandoning module GeometryCache (314)
[2018.04.11-10.41.48:516][227]LogModuleManager: Shutting down and abandoning module GeometryCacheEd (313)
[2018.04.11-10.41.48:516][227]LogModuleManager: Shutting down and abandoning module SpeedTreeImporter (308)
[2018.04.11-10.41.48:516][227]LogModuleManager: Shutting down and abandoning module PluginBrowser (306)
[2018.04.11-10.41.48:516][227]LogModuleManager: Shutting down and abandoning module MobileLauncherProfileWizard (304)
[2018.04.11-10.41.48:516][227]LogModuleManager: Shutting down and abandoning module VisualStudioSourceCodeAccess (302)
[2018.04.11-10.41.48:516][227]LogModuleManager: Shutting down and abandoning module VisualStudioCodeSourceCodeAccess (300)
[2018.04.11-10.41.48:516][227]LogModuleManager: Shutting down and abandoning module UObjectPlugin (298)
[2018.04.11-10.41.48:516][227]LogModuleManager: Shutting down and abandoning module SubversionSourceControl (296)
[2018.04.11-10.41.48:516][227]LogModuleManager: Shutting down and abandoning module PerforceSourceControl (294)
[2018.04.11-10.41.48:516][227]LogModuleManager: Shutting down and abandoning module GitSourceControl (292)
[2018.04.11-10.41.48:516][227]LogModuleManager: Shutting down and abandoning module SourceControl (291)
[2018.04.11-10.41.48:516][227]LogModuleManager: Shutting down and abandoning module LightPropagationVolumeEditor (288)
[2018.04.11-10.41.48:516][227]LogModuleManager: Shutting down and abandoning module PaperTiledImporter (286)
[2018.04.11-10.41.48:516][227]LogModuleManager: Shutting down and abandoning module PaperSpriteSheetImporter (284)
[2018.04.11-10.41.48:516][227]LogModuleManager: Shutting down and abandoning module Paper2DEditor (282)
[2018.04.11-10.41.48:516][227]LogModuleManager: Shutting down and abandoning module MeshPaint (281)
[2018.04.11-10.41.48:516][227]LogModuleManager: Shutting down and abandoning module LevelEditor (279)
[2018.04.11-10.41.48:517][227]LogModuleManager: Shutting down and abandoning module PixelInspectorModule (278)
[2018.04.11-10.41.48:517][227]LogModuleManager: Shutting down and abandoning module MainFrame (276)
[2018.04.11-10.41.48:517][227]LogModuleManager: Shutting down and abandoning module HotReload (275)
[2018.04.11-10.41.48:517][227]LogModuleManager: Shutting down and abandoning module RuntimePhysXCooking (270)
[2018.04.11-10.41.48:517][227]LogModuleManager: Shutting down and abandoning module PhysXVehiclesEditor (268)
[2018.04.11-10.41.48:517][227]LogModuleManager: Shutting down and abandoning module PhysXVehicles (266)
[2018.04.11-10.41.48:517][227]LogModuleManager: Shutting down and abandoning module OculusEditor (264)
[2018.04.11-10.41.48:518][227]LogModuleManager: Shutting down and abandoning module LocationServicesBPLibrary (262)
[2018.04.11-10.41.48:518][227]LogModuleManager: Shutting down and abandoning module ImmediatePhysicsEditor (260)
[2018.04.11-10.41.48:518][227]LogModuleManager: Shutting down and abandoning module ImmediatePhysics (258)
[2018.04.11-10.41.48:518][227]LogModuleManager: Shutting down and abandoning module UdpMessaging (256)
[2018.04.11-10.41.48:618][227]LogModuleManager: Shutting down and abandoning module TcpMessaging (254)
[2018.04.11-10.41.48:718][227]LogModuleManager: Shutting down and abandoning module FMODStudio (252)
[2018.04.11-10.41.48:928][227]LogModuleManager: Shutting down and abandoning module GameplayTagsEditor (250)
[2018.04.11-10.41.48:928][227]LogModuleManager: Shutting down and abandoning module FacialAnimationEditor (248)
[2018.04.11-10.41.48:928][227]LogModuleManager: Shutting down and abandoning module FacialAnimation (246)
[2018.04.11-10.41.48:928][227]LogModuleManager: Shutting down and abandoning module AssetManagerEditor (244)
[2018.04.11-10.41.48:928][227]LogModuleManager: Shutting down and abandoning module GraphEditor (243)
[2018.04.11-10.41.48:928][227]LogModuleManager: Shutting down and abandoning module ContentBrowser (241)
[2018.04.11-10.41.48:929][227]LogModuleManager: Shutting down and abandoning module LightPropagationVolumeRuntime (238)
[2018.04.11-10.41.48:929][227]LogModuleManager: Shutting down and abandoning module Paper2D (236)
[2018.04.11-10.41.48:929][227]LogModuleManager: Shutting down and abandoning module WindowsMoviePlayer (234)
[2018.04.11-10.41.48:929][227]LogModuleManager: Shutting down and abandoning module WmfMedia (232)
[2018.04.11-10.41.48:929][227]LogModuleManager: Shutting down and abandoning module ImgMedia (230)
[2018.04.11-10.41.48:929][227]LogModuleManager: Shutting down and abandoning module PacketHandler (228)
[2018.04.11-10.41.48:929][227]LogModuleManager: Shutting down and abandoning module ClothingSystemEditor (226)
[2018.04.11-10.41.48:929][227]LogModuleManager: Shutting down and abandoning module ClothingSystemRuntime (224)
[2018.04.11-10.41.48:929][227]LogModuleManager: Shutting down and abandoning module MediaAssets (222)
[2018.04.11-10.41.48:929][227]LogModuleManager: Shutting down and abandoning module Media (221)
[2018.04.11-10.41.48:935][227]LogModuleManager: Shutting down and abandoning module Overlay (218)
[2018.04.11-10.41.48:935][227]LogModuleManager: Shutting down and abandoning module OverlayEditor (217)
[2018.04.11-10.41.48:935][227]LogModuleManager: Shutting down and abandoning module VREditor (214)
[2018.04.11-10.41.48:935][227]LogModuleManager: Shutting down and abandoning module StringTableEditor (212)
[2018.04.11-10.41.48:935][227]LogModuleManager: Shutting down and abandoning module GameplayTasksEditor (210)
[2018.04.11-10.41.48:935][227]LogModuleManager: Shutting down and abandoning module BehaviorTreeEditor (208)
[2018.04.11-10.41.48:935][227]LogModuleManager: Shutting down and abandoning module FunctionalTesting (206)
[2018.04.11-10.41.48:935][227]LogModuleManager: Shutting down and abandoning module CollisionAnalyzer (204)
[2018.04.11-10.41.48:935][227]LogModuleManager: Shutting down and abandoning module WorkspaceMenuStructure (203)
[2018.04.11-10.41.48:935][227]LogModuleManager: Shutting down and abandoning module UMG (200)
[2018.04.11-10.41.48:935][227]LogModuleManager: Shutting down and abandoning module UMGEditor (199)
[2018.04.11-10.41.48:935][227]LogModuleManager: Shutting down and abandoning module Sequencer (198)
[2018.04.11-10.41.48:935][227]LogModuleManager: Shutting down and abandoning module MessageLog (195)
[2018.04.11-10.41.48:935][227]LogModuleManager: Shutting down and abandoning module SlateReflector (190)
[2018.04.11-10.41.48:935][227]LogModuleManager: Shutting down and abandoning module Slate (188)
[2018.04.11-10.41.48:935][227]LogModuleManager: Shutting down and abandoning module EditorStyle (186)
[2018.04.11-10.41.48:937][227]LogModuleManager: Shutting down and abandoning module MRMesh (184)
[2018.04.11-10.41.48:937][227]LogModuleManager: Shutting down and abandoning module SourceCodeAccess (182)
[2018.04.11-10.41.48:937][227]LogModuleManager: Shutting down and abandoning module HeadMountedDisplay (180)
[2018.04.11-10.41.48:937][227]LogModuleManager: Shutting down and abandoning module XAudio2 (178)
[2018.04.11-10.41.48:937][227]LogModuleManager: Shutting down and abandoning module Networking (176)
[2018.04.11-10.41.48:937][227]LogModuleManager: Shutting down and abandoning module Core (172)
[2018.04.11-10.41.48:937][227]LogModuleManager: Shutting down and abandoning module LevelSequence (168)
[2018.04.11-10.41.48:937][227]LogModuleManager: Shutting down and abandoning module DirectoryWatcher (166)
[2018.04.11-10.41.48:938][227]LogModuleManager: Shutting down and abandoning module KismetCompiler (164)
[2018.04.11-10.41.48:938][227]LogModuleManager: Shutting down and abandoning module MeshUtilities (162)
[2018.04.11-10.41.48:938][227]LogModuleManager: Shutting down and abandoning module MeshMergeUtilities (161)
[2018.04.11-10.41.48:938][227]LogModuleManager: Shutting down and abandoning module MeshReductionInterface (160)
[2018.04.11-10.41.48:938][227]LogModuleManager: Shutting down and abandoning module SimplygonSwarm (159)
[2018.04.11-10.41.48:938][227]LogModuleManager: Shutting down and abandoning module SimplygonMeshReduction (157)
[2018.04.11-10.41.48:938][227]LogModuleManager: Shutting down and abandoning module QuadricMeshReduction (155)
[2018.04.11-10.41.48:938][227]LogModuleManager: Shutting down and abandoning module MaterialBaking (151)
[2018.04.11-10.41.48:938][227]LogModuleManager: Shutting down and abandoning module DerivedDataCache (148)
[2018.04.11-10.41.49:022][227]LogDerivedDataCache: Shutdown
[2018.04.11-10.41.49:022][227]LogModuleManager: Shutting down and abandoning module TargetPlatform (146)
[2018.04.11-10.41.49:022][227]LogModuleManager: Shutting down and abandoning module VulkanShaderFormat (145)
[2018.04.11-10.41.49:022][227]LogModuleManager: Shutting down and abandoning module ShaderFormatVectorVM (143)
[2018.04.11-10.41.49:022][227]LogModuleManager: Shutting down and abandoning module ShaderFormatOpenGL (141)
[2018.04.11-10.41.49:022][227]LogModuleManager: Shutting down and abandoning module ShaderFormatD3D (139)
[2018.04.11-10.41.49:022][227]LogModuleManager: Shutting down and abandoning module MetalShaderFormat (137)
[2018.04.11-10.41.49:022][227]LogModuleManager: Shutting down and abandoning module TextureFormatUncompressed (135)
[2018.04.11-10.41.49:022][227]LogModuleManager: Shutting down and abandoning module TextureFormatPVR (133)
[2018.04.11-10.41.49:022][227]LogModuleManager: Shutting down and abandoning module TextureFormatDXT (131)
[2018.04.11-10.41.49:022][227]LogModuleManager: Shutting down and abandoning module TextureFormatIntelISPCTexComp (129)
[2018.04.11-10.41.49:022][227]LogModuleManager: Shutting down and abandoning module TextureFormatASTC (127)
[2018.04.11-10.41.49:022][227]LogModuleManager: Shutting down and abandoning module ImageWrapper (126)
[2018.04.11-10.41.49:022][227]LogModuleManager: Shutting down and abandoning module TextureFormatAndroid (123)
[2018.04.11-10.41.49:022][227]LogModuleManager: Shutting down and abandoning module AudioFormatOpus (121)
[2018.04.11-10.41.49:022][227]LogModuleManager: Shutting down and abandoning module AudioFormatOgg (119)
[2018.04.11-10.41.49:023][227]LogModuleManager: Shutting down and abandoning module AudioFormatADPCM (117)
[2018.04.11-10.41.49:023][227]LogModuleManager: Shutting down and abandoning module LinuxTargetPlatform (115)
[2018.04.11-10.41.49:023][227]LogModuleManager: Shutting down and abandoning module LinuxServerTargetPlatform (113)
[2018.04.11-10.41.49:023][227]LogModuleManager: Shutting down and abandoning module LinuxNoEditorTargetPlatform (111)
[2018.04.11-10.41.49:023][227]LogModuleManager: Shutting down and abandoning module LinuxClientTargetPlatform (109)
[2018.04.11-10.41.49:023][227]LogModuleManager: Shutting down and abandoning module TVOSTargetPlatform (107)
[2018.04.11-10.41.49:023][227]LogModuleManager: Shutting down and abandoning module Messaging (105)
[2018.04.11-10.41.49:023][227]LogModuleManager: Shutting down and abandoning module IOSTargetPlatform (103)
[2018.04.11-10.41.49:023][227]LogModuleManager: Shutting down and abandoning module HTML5TargetPlatform (101)
[2018.04.11-10.41.49:023][227]LogModuleManager: Shutting down and abandoning module AndroidTargetPlatform (99)
[2018.04.11-10.41.49:023][227]LogModuleManager: Shutting down and abandoning module Android_PVRTCTargetPlatform (97)
[2018.04.11-10.41.49:023][227]LogModuleManager: Shutting down and abandoning module Android_MultiTargetPlatform (95)
[2018.04.11-10.41.49:023][227]LogModuleManager: Shutting down and abandoning module Android_ETC2TargetPlatform (93)
[2018.04.11-10.41.49:023][227]LogModuleManager: Shutting down and abandoning module Android_ETC1TargetPlatform (91)
[2018.04.11-10.41.49:023][227]LogModuleManager: Shutting down and abandoning module Android_DXTTargetPlatform (89)
[2018.04.11-10.41.49:023][227]LogModuleManager: Shutting down and abandoning module Android_ATCTargetPlatform (87)
[2018.04.11-10.41.49:023][227]LogModuleManager: Shutting down and abandoning module Android_ASTCTargetPlatform (85)
[2018.04.11-10.41.49:023][227]LogModuleManager: Shutting down and abandoning module WindowsTargetPlatform (83)
[2018.04.11-10.41.49:023][227]LogModuleManager: Shutting down and abandoning module WindowsServerTargetPlatform (81)
[2018.04.11-10.41.49:023][227]LogModuleManager: Shutting down and abandoning module WindowsNoEditorTargetPlatform (79)
[2018.04.11-10.41.49:023][227]LogModuleManager: Shutting down and abandoning module WindowsClientTargetPlatform (77)
[2018.04.11-10.41.49:023][227]LogModuleManager: Shutting down and abandoning module MacTargetPlatform (75)
[2018.04.11-10.41.49:023][227]LogModuleManager: Shutting down and abandoning module MacServerTargetPlatform (73)
[2018.04.11-10.41.49:023][227]LogModuleManager: Shutting down and abandoning module MacNoEditorTargetPlatform (71)
[2018.04.11-10.41.49:023][227]LogModuleManager: Shutting down and abandoning module MacClientTargetPlatform (69)
[2018.04.11-10.41.49:023][227]LogModuleManager: Shutting down and abandoning module AllDesktopTargetPlatform (67)
[2018.04.11-10.41.49:023][227]LogModuleManager: Shutting down and abandoning module InputCore (64)
[2018.04.11-10.41.49:023][227]LogModuleManager: Shutting down and abandoning module Settings (62)
[2018.04.11-10.41.49:023][227]LogModuleManager: Shutting down and abandoning module PhysXCooking (60)
[2018.04.11-10.41.49:023][227]LogModuleManager: Shutting down and abandoning module SteamVR (58)
[2018.04.11-10.41.49:023][227]LogModuleManager: Shutting down and abandoning module OculusHMD (56)
[2018.04.11-10.41.49:023][227]LogModuleManager: Shutting down and abandoning module ExampleDeviceProfileSelector (54)
[2018.04.11-10.41.49:023][227]LogModuleManager: Shutting down and abandoning module AppleARKit (52)
[2018.04.11-10.41.49:023][227]LogModuleManager: Shutting down and abandoning module AugmentedReality (51)
[2018.04.11-10.41.49:023][227]LogModuleManager: Shutting down and abandoning module OnlineBlueprintSupport (48)
[2018.04.11-10.41.49:023][227]LogModuleManager: Shutting down and abandoning module OnlineSubsystem (44)
[2018.04.11-10.41.49:023][227]LogModuleManager: Shutting down and abandoning module XMPP (43)
[2018.04.11-10.41.49:023][227]LogModuleManager: Shutting down and abandoning module HTTP (41)
[2018.04.11-10.41.49:023][227]LogHttp: Display: Http module shutting down, but needs to wait on 1 outstanding Http requests:
[2018.04.11-10.41.49:023][227]LogHttp: Display: 	verb=[POST] url=[https://datarouter.ol.epicgames.com/datarouter/api/v1/public/data?SessionID=%7B908C34AB-4CA4-CED8-0416-B28E27E296AE%7D&AppID=UEEditor.Rocket.Release&AppVersion=4.18.3-3832480%2B%2B%2BUE4%2BRelease-4.18&UserID=88775c6f428a531673c601b8e0b891c2%7C9ecf7c6bb23f4e46813f10c106a511c7%7Caed38978-7903-4a25-92c3-ce1bf6490cdb&AppEnvironment=datacollector-binary&UploadType=eteventstream] status=Processing
[2018.04.11-10.41.49:035][227]LogModuleManager: Shutting down and abandoning module SSL (40)
[2018.04.11-10.41.49:037][227]LogModuleManager: Shutting down and abandoning module AnimationModifiers (36)
[2018.04.11-10.41.49:037][227]LogModuleManager: Shutting down and abandoning module PropertyEditor (35)
[2018.04.11-10.41.49:037][227]LogModuleManager: Shutting down and abandoning module AudioEditor (32)
[2018.04.11-10.41.49:037][227]LogModuleManager: Shutting down and abandoning module TextureCompressor (30)
[2018.04.11-10.41.49:037][227]LogModuleManager: Shutting down and abandoning module ShaderCore (28)
[2018.04.11-10.41.49:037][227]LogModuleManager: Shutting down and abandoning module Landscape (26)
[2018.04.11-10.41.49:037][227]LogModuleManager: Shutting down and abandoning module SlateRHIRenderer (24)
[2018.04.11-10.41.49:038][227]LogModuleManager: Shutting down and abandoning module OpenGLDrv (22)
[2018.04.11-10.41.49:038][227]LogModuleManager: Shutting down and abandoning module D3D11RHI (20)
[2018.04.11-10.41.49:038][227]LogModuleManager: Shutting down and abandoning module AnimGraphRuntime (18)
[2018.04.11-10.41.49:038][227]LogModuleManager: Shutting down and abandoning module Renderer (16)
[2018.04.11-10.41.49:038][227]LogModuleManager: Shutting down and abandoning module Engine (14)
[2018.04.11-10.41.49:038][227]LogModuleManager: Shutting down and abandoning module CoreUObject (12)
[2018.04.11-10.41.49:038][227]LogModuleManager: Shutting down and abandoning module NetworkFile (10)
[2018.04.11-10.41.49:038][227]LogModuleManager: Shutting down and abandoning module CookedIterativeFile (8)
[2018.04.11-10.41.49:038][227]LogModuleManager: Shutting down and abandoning module StreamingFile (6)
[2018.04.11-10.41.49:038][227]LogModuleManager: Shutting down and abandoning module SandboxFile (4)
[2018.04.11-10.41.49:038][227]LogModuleManager: Shutting down and abandoning module PakFile (2)
[2018.04.11-10.41.49:042][227]LogExit: Exiting.
[2018.04.11-10.41.49:054][227]Log file closed, 04/11/18 11:41:49
